Log file open, 11/20/18 14:37:54
LogWindows: Failed to load 'aqProf.dll' (GetLastError=126)
LogWindows: File 'aqProf.dll' does not exist
LogWindows: Failed to load 'VSPerf140.dll' (GetLastError=126)
LogWindows: File 'VSPerf140.dll' does not exist
LogWindows: Failed to load 'VtuneApi.dll' (GetLastError=126)
LogWindows: File 'VtuneApi.dll' does not exist
LogWindows: Failed to load 'VtuneApi32e.dll' (GetLastError=126)
LogWindows: File 'VtuneApi32e.dll' does not exist
LogInit: Display: Running engine for game: GPP02_HealthPickup
LogPlatformFile: Not using cached read wrapper
LogTaskGraph: Started task graph with 5 named threads and 23 total threads with 3 sets of task threads.
LogStats: Stats thread started at 0.286305
LogD3D11RHI: Loaded GFSDK_Aftermath_Lib.x64.dll
LogICUInternationalization: Display: ICU TimeZone Detection - Raw Offset: +1:00, Platform Override: ''
LogPluginManager: Mounting plugin Paper2D
LogPluginManager: Mounting plugin AISupport
LogPluginManager: Mounting plugin LightPropagationVolume
LogPluginManager: Mounting plugin CLionSourceCodeAccess
LogPluginManager: Mounting plugin CodeLiteSourceCodeAccess
LogPluginManager: Mounting plugin GitSourceControl
LogPluginManager: Mounting plugin KDevelopSourceCodeAccess
LogPluginManager: Mounting plugin NullSourceCodeAccess
LogPluginManager: Mounting plugin PerforceSourceControl
LogPluginManager: Mounting plugin SubversionSourceControl
LogPluginManager: Mounting plugin UObjectPlugin
LogPluginManager: Mounting plugin VisualStudioCodeSourceCodeAccess
LogPluginManager: Mounting plugin VisualStudioSourceCodeAccess
LogPluginManager: Mounting plugin XCodeSourceCodeAccess
LogPluginManager: Mounting plugin AssetManagerEditor
LogPluginManager: Mounting plugin CryptoKeys
LogPluginManager: Mounting plugin DataValidation
LogPluginManager: Mounting plugin FacialAnimation
LogPluginManager: Mounting plugin GameplayTagsEditor
LogPluginManager: Mounting plugin MacGraphicsSwitching
LogPluginManager: Mounting plugin MeshEditor
LogPluginManager: Mounting plugin MobileLauncherProfileWizard
LogPluginManager: Mounting plugin PluginBrowser
LogPluginManager: Mounting plugin SpeedTreeImporter
LogPluginManager: Mounting plugin DatasmithContent
LogPluginManager: Mounting plugin AlembicImporter
LogPluginManager: Mounting plugin AppleImageUtils
LogPluginManager: Mounting plugin AppleVision
LogPluginManager: Mounting plugin BackChannel
LogPluginManager: Mounting plugin CharacterAI
LogPluginManager: Mounting plugin GeometryCache
LogPluginManager: Mounting plugin HTML5Networking
LogPluginManager: Mounting plugin ProxyLODPlugin
LogPluginManager: Mounting plugin MagicLeap
LogPluginManager: Mounting plugin MagicLeapEmulator
LogPluginManager: Mounting plugin MagicLeapMedia
LogPluginManager: Mounting plugin AndroidMedia
LogPluginManager: Mounting plugin AvfMedia
LogPluginManager: Mounting plugin ImgMedia
LogPluginManager: Mounting plugin LinearTimecode
LogPluginManager: Mounting plugin MediaCompositing
LogPluginManager: Mounting plugin MediaPlayerEditor
LogPluginManager: Mounting plugin WmfMedia
LogPluginManager: Mounting plugin TcpMessaging
LogPluginManager: Mounting plugin UdpMessaging
LogPluginManager: Mounting plugin ActorSequence
LogPluginManager: Mounting plugin LevelSequenceEditor
LogPluginManager: Mounting plugin MatineeToLevelSequence
LogPluginManager: Mounting plugin NetcodeUnitTest
LogPluginManager: Mounting plugin NUTUnrealEngine4
LogPluginManager: Mounting plugin OnlineSubsystemGooglePlay
LogPluginManager: Mounting plugin OnlineSubsystemIOS
LogPluginManager: Mounting plugin OnlineSubsystem
LogPluginManager: Mounting plugin OnlineSubsystemNull
LogPluginManager: Mounting plugin OnlineSubsystemUtils
LogPluginManager: Mounting plugin LauncherChunkInstaller
LogPluginManager: Mounting plugin AndroidDeviceProfileSelector
LogPluginManager: Mounting plugin AndroidMoviePlayer
LogPluginManager: Mounting plugin AndroidPermission
LogPluginManager: Mounting plugin AppleMoviePlayer
LogPluginManager: Mounting plugin ArchVisCharacter
LogPluginManager: Mounting plugin AudioCapture
LogPluginManager: Mounting plugin CableComponent
LogPluginManager: Mounting plugin CustomMeshComponent
LogPluginManager: Mounting plugin EditableMesh
LogPluginManager: Mounting plugin ExampleDeviceProfileSelector
LogPluginManager: Mounting plugin GoogleCloudMessaging
LogPluginManager: Mounting plugin ImmediatePhysics
LogPluginManager: Mounting plugin IOSDeviceProfileSelector
LogPluginManager: Mounting plugin LinuxDeviceProfileSelector
LogPluginManager: Mounting plugin LocationServicesBPLibrary
LogPluginManager: Mounting plugin MobilePatchingUtils
LogPluginManager: Mounting plugin OculusVR
LogPluginManager: Plugin shader directory ../../../Engine/Plugins/Runtime/Oculus/OculusVR/Shaders found
LogPluginManager: Mapping shader source directory ../../../Engine/Plugins/Runtime/Oculus/OculusVR/Shaders to virtual directory /Plugin/OculusVR
LogPluginManager: Mounting plugin PhysXVehicles
LogPluginManager: Mounting plugin ProceduralMeshComponent
LogPluginManager: Mounting plugin RuntimePhysXCooking
LogPluginManager: Mounting plugin SteamVR
LogPluginManager: Mounting plugin WindowsMoviePlayer
LogStreaming: Display: Took  0.132s to configure plugins.
LogInit: Using libcurl 7.55.1-DEV
LogInit:  - built for x86_64-pc-win32
LogInit:  - supports SSL with OpenSSL/1.0.2h
LogInit:  - supports HTTP deflate (compression) using libz 1.2.8
LogInit:  - other features:
LogInit:      CURL_VERSION_SSL
LogInit:      CURL_VERSION_LIBZ
LogInit:      CURL_VERSION_IPV6
LogInit:      CURL_VERSION_ASYNCHDNS
LogInit:      CURL_VERSION_LARGEFILE
LogInit:      CURL_VERSION_IDN
LogInit:  CurlRequestOptions (configurable via config and command line):
LogInit:  - bVerifyPeer = false  - Libcurl will NOT verify peer certificate
LogInit:  - bUseHttpProxy = false  - Libcurl will NOT use HTTP proxy
LogInit:  - bDontReuseConnections = false  - Libcurl will reuse connections
LogInit:  - CertBundlePath = nullptr  - Libcurl will use whatever was configured at build time.
LogInit:  - MaxHostConnections = 16  - Libcurl will limit the number of connections to a host
LogInit:  - LocalHostAddr = Default
LogInit:  - BufferSize = 65536
LogInit: WinSock: version 1.1 (2.2), MaxSocks=32767, MaxUdp=65467
LogInit: Build: ++UE4+Release-4.20-CL-4369336
LogInit: Engine Version: 4.20.3-4369336+++UE4+Release-4.20
LogInit: Compatible Engine Version: 4.20.0-4212847+++UE4+Release-4.20
LogInit: Net CL: 4212847
LogInit: OS: Windows 10 (), CPU: Intel(R) Core(TM) i7-6700HQ CPU @ 2.60GHz, GPU: Intel(R) HD Graphics 530
LogInit: Compiled (64-bit): Sep 17 2018 12:26:19
LogInit: Compiled with Visual C++: 19.13.26129.00
LogInit: Build Configuration: Development
LogInit: Branch Name: ++UE4+Release-4.20
LogInit: Command Line: 
LogInit: Base Directory: C:/Program Files/Epic Games/UE_4.20/Engine/Binaries/Win64/
LogInit: Installed Engine Build: 1
LogDevObjectVersion: Number of dev versions registered: 20
LogDevObjectVersion:   Dev-Blueprints (B0D832E4-1F89-4F0D-ACCF-7EB736FD4AA2): 10
LogDevObjectVersion:   Dev-Build (E1C64328-A22C-4D53-A36C-8E866417BD8C): 0
LogDevObjectVersion:   Dev-Core (375EC13C-06E4-48FB-B500-84F0262A717E): 2
LogDevObjectVersion:   Dev-Editor (E4B068ED-F494-42E9-A231-DA0B2E46BB41): 24
LogDevObjectVersion:   Dev-Framework (CFFC743F-43B0-4480-9391-14DF171D2073): 34
LogDevObjectVersion:   Dev-Mobile (B02B49B5-BB20-44E9-A304-32B752E40360): 2
LogDevObjectVersion:   Dev-Networking (A4E4105C-59A1-49B5-A7C5-40C4547EDFEE): 0
LogDevObjectVersion:   Dev-Online (39C831C9-5AE6-47DC-9A44-9C173E1C8E7C): 0
LogDevObjectVersion:   Dev-Physics (78F01B33-EBEA-4F98-B9B4-84EACCB95AA2): 0
LogDevObjectVersion:   Dev-Platform (6631380F-2D4D-43E0-8009-CF276956A95A): 0
LogDevObjectVersion:   Dev-Rendering (12F88B9F-8875-4AFC-A67C-D90C383ABD29): 26
LogDevObjectVersion:   Dev-Sequencer (7B5AE74C-D270-4C10-A958-57980B212A5A): 9
LogDevObjectVersion:   Dev-VR (D7296918-1DD6-4BDD-9DE2-64A83CC13884): 2
LogDevObjectVersion:   Dev-LoadTimes (C2A15278-BFE7-4AFE-6C17-90FF531DF755): 1
LogDevObjectVersion:   Private-Geometry (6EACA3D4-40EC-4CC1-B786-8BED09428FC5): 3
LogDevObjectVersion:   Dev-AnimPhys (29E575DD-E0A3-4627-9D10-D276232CDCEA): 17
LogDevObjectVersion:   Dev-ReflectionCapture (6B266CEC-1EC7-4B8F-A30B-E4D90942FC07): 1
LogDevObjectVersion:   Dev-Automation (0DF73D61-A23F-47EA-B727-89E90C41499A): 1
LogDevObjectVersion:   FortniteMain (601D1886-AC64-4F84-AA16-D3DE0DEAC7D6): 12
LogDevObjectVersion:   Dev-Enterprise (9DFFBCD6-494F-0158-E221-12823C92A888): 1
LogStreaming: Display: Took  0.000s to delete old logs.
LogInit: Presizing for max 8388607 objects, including 0 objects not considered by GC, pre-allocating 0 bytes for permanent pool.
LogInit: Object subsystem initialized
[2018.11.20-13.37.54:790][  0]LogInit: Selected Device Profile: [Windows]
[2018.11.20-13.37.54:790][  0]LogInit: Applying CVar settings loaded from the selected device profile: [Windows]
[2018.11.20-13.37.54:798][  0]LogHAL: Display: Platform has ~ 16 GB [16999284736 / 17179869184 / 16], which maps to Larger [LargestMinGB=32, LargerMinGB=12, DefaultMinGB=8, SmallerMinGB=6, SmallestMinGB=0)
[2018.11.20-13.37.54:798][  0]LogInit: Setting Device Profile CVar: [[r.Vulkan.UseRealUBs:1]]
[2018.11.20-13.37.54:798][  0]LogInit: Going up to parent DeviceProfile []
[2018.11.20-13.37.54:799][  0]LogInit: Computer: MANUEL-LENOVO
[2018.11.20-13.37.54:799][  0]LogInit: User: Manuel
[2018.11.20-13.37.54:799][  0]LogInit: CPU Page size=4096, Cores=4
[2018.11.20-13.37.54:799][  0]LogInit: High frequency timer resolution =2.531251 MHz
[2018.11.20-13.37.54:799][  0]LogMemory: Memory total: Physical=15.8GB (16GB approx)
[2018.11.20-13.37.54:799][  0]LogMemory: Platform Memory Stats for Windows
[2018.11.20-13.37.54:799][  0]LogMemory: Process Physical Memory: 100.64 MB used, 100.64 MB peak
[2018.11.20-13.37.54:799][  0]LogMemory: Process Virtual Memory: 93.10 MB used, 93.10 MB peak
[2018.11.20-13.37.54:799][  0]LogMemory: Physical Memory: 8342.00 MB used,  7869.78 MB free, 16211.78 MB total
[2018.11.20-13.37.54:799][  0]LogMemory: Virtual Memory: 4646.91 MB used,  7869.78 MB free, 134217728.00 MB total
[2018.11.20-13.37.54:817][  0]LogInit: Overriding language with editor language configuration option (en-US).
[2018.11.20-13.37.54:817][  0]LogInit: Overriding locale with editor locale configuration option (en-US).
[2018.11.20-13.37.54:818][  0]LogTextLocalizationManager: No specific localization for 'en-US' exists, so the 'en' localization will be used.
[2018.11.20-13.37.55:201][  0]LogStreaming: Display: Took  0.384s to InitEngineTextLocalization.
[2018.11.20-13.37.55:201][  0]LogInit: Setting process to per monitor DPI aware
[2018.11.20-13.37.55:243][  0]LogSlate: New Slate User Created.  User Index 0, Is Virtual User: 0
[2018.11.20-13.37.55:244][  0]LogSlate: Slate User Registered.  User Index 0, Is Virtual User: 0
[2018.11.20-13.37.55:435][  0]LogHMD: Failed to initialize OpenVR with code 110
[2018.11.20-13.37.55:435][  0]LogD3D11RHI: D3D11 adapters:
[2018.11.20-13.37.55:502][  0]LogD3D11RHI:    0. 'NVIDIA GeForce GTX 960M' (Feature Level 11_0)
[2018.11.20-13.37.55:502][  0]LogD3D11RHI:       4055/0/8105 MB DedicatedVideo/DedicatedSystem/SharedSystem, Outputs:1, VendorId:0x10de
[2018.11.20-13.37.55:512][  0]LogD3D11RHI:    1. 'Intel(R) HD Graphics 530' (Feature Level 11_0)
[2018.11.20-13.37.55:512][  0]LogD3D11RHI:       128/0/8105 MB DedicatedVideo/DedicatedSystem/SharedSystem, Outputs:0, VendorId:0x8086
[2018.11.20-13.37.55:514][  0]LogD3D11RHI:    2. 'Microsoft Basic Render Driver' (Feature Level 11_0)
[2018.11.20-13.37.55:514][  0]LogD3D11RHI:       0/0/8105 MB DedicatedVideo/DedicatedSystem/SharedSystem, Outputs:0, VendorId:0x1414
[2018.11.20-13.37.55:514][  0]LogD3D11RHI: Chosen D3D11 Adapter: 0
[2018.11.20-13.37.55:535][  0]LogD3D11RHI: Creating new Direct3DDevice
[2018.11.20-13.37.55:535][  0]LogD3D11RHI:     GPU DeviceId: 0x139b (for the marketing name, search the web for "GPU Device Id")
[2018.11.20-13.37.55:535][  0]LogWindows: EnumDisplayDevices:
[2018.11.20-13.37.55:535][  0]LogWindows:    0. 'Intel(R) HD Graphics 530' (P:1 D:1)
[2018.11.20-13.37.55:535][  0]LogWindows:    1. 'Intel(R) HD Graphics 530' (P:0 D:0)
[2018.11.20-13.37.55:536][  0]LogWindows:    2. 'Intel(R) HD Graphics 530' (P:0 D:0)
[2018.11.20-13.37.55:536][  0]LogWindows: DebugString: PrimaryIsNotTheChoosenAdapter PrimaryIsNotTheChoosenAdapter PrimaryIsNotTheChoosenAdapter FoundDriverCount:0 
[2018.11.20-13.37.55:536][  0]LogD3D11RHI:     Adapter Name: NVIDIA GeForce GTX 960M
[2018.11.20-13.37.55:536][  0]LogD3D11RHI:   Driver Version: Unknown (internal:Unknown, unified:Unknown)
[2018.11.20-13.37.55:536][  0]LogD3D11RHI:      Driver Date: Unknown
[2018.11.20-13.37.55:536][  0]LogRHI: Texture pool is 2839 MB (70% of 4055 MB)
[2018.11.20-13.37.55:581][  0]LogD3D11RHI: Async texture creation enabled
[2018.11.20-13.37.55:601][  0]LogD3D11RHI: GPU Timing Frequency: 1000.000000 (Debug: 2 2)
[2018.11.20-13.37.55:602][  0]LogShaderCompilers: Guid format shader working directory is 6 characters bigger than the processId version (E:/Code/UnrealEngine4/GPP02_HealthPickup/Intermediate/Shaders/WorkingDirectory/23052/).
[2018.11.20-13.37.55:602][  0]LogShaderCompilers: Cleaned the shader compiler working directory 'C:/Users/Manuel/AppData/Local/Temp/UnrealShaderWorkingDir/016388A045B6AFE671A1DAA226658CEC/'.
[2018.11.20-13.37.55:918][  0]LogTemp: Display: Loaded TP AllDesktopTargetPlatform
[2018.11.20-13.37.55:932][  0]LogTemp: Display: Loaded TP MacClientTargetPlatform
[2018.11.20-13.37.55:945][  0]LogTemp: Display: Loaded TP MacNoEditorTargetPlatform
[2018.11.20-13.37.55:959][  0]LogTemp: Display: Loaded TP MacServerTargetPlatform
[2018.11.20-13.37.55:973][  0]LogTemp: Display: Loaded TP MacTargetPlatform
[2018.11.20-13.37.55:987][  0]LogTemp: Display: Loaded TP WindowsClientTargetPlatform
[2018.11.20-13.37.56:000][  0]LogTemp: Display: Loaded TP WindowsNoEditorTargetPlatform
[2018.11.20-13.37.56:013][  0]LogTemp: Display: Loaded TP WindowsServerTargetPlatform
[2018.11.20-13.37.56:020][  0]LogTemp: Display: Loaded TP WindowsTargetPlatform
[2018.11.20-13.37.56:100][  0]LogTemp: Display: Loaded TP AndroidTargetPlatform
[2018.11.20-13.37.56:100][  0]LogTemp: Display: Loaded TP AndroidTargetPlatform
[2018.11.20-13.37.56:100][  0]LogTemp: Display: Loaded TP AndroidTargetPlatform
[2018.11.20-13.37.56:101][  0]LogTemp: Display: Loaded TP AndroidTargetPlatform
[2018.11.20-13.37.56:101][  0]LogTemp: Display: Loaded TP AndroidTargetPlatform
[2018.11.20-13.37.56:101][  0]LogTemp: Display: Loaded TP AndroidTargetPlatform
[2018.11.20-13.37.56:101][  0]LogTemp: Display: Loaded TP AndroidTargetPlatform
[2018.11.20-13.37.56:101][  0]LogTemp: Display: Loaded TP AndroidTargetPlatform
[2018.11.20-13.37.56:101][  0]LogTemp: Display: Loaded TP AndroidTargetPlatform
[2018.11.20-13.37.56:101][  0]LogTemp: Display: Loaded TP AndroidTargetPlatform
[2018.11.20-13.37.56:101][  0]LogTemp: Display: Loaded TP AndroidTargetPlatform
[2018.11.20-13.37.56:101][  0]LogTemp: Display: Loaded TP AndroidTargetPlatform
[2018.11.20-13.37.56:101][  0]LogTemp: Display: Loaded TP AndroidTargetPlatform
[2018.11.20-13.37.56:101][  0]LogTemp: Display: Loaded TP AndroidTargetPlatform
[2018.11.20-13.37.56:101][  0]LogTemp: Display: Loaded TP AndroidTargetPlatform
[2018.11.20-13.37.56:101][  0]LogTemp: Display: Loaded TP AndroidTargetPlatform
[2018.11.20-13.37.56:101][  0]LogTemp: Display: Loaded TP AndroidTargetPlatform
[2018.11.20-13.37.56:101][  0]LogTemp: Display: Loaded TP AndroidTargetPlatform
[2018.11.20-13.37.56:102][  0]LogTemp: Display: Loaded TP HTML5TargetPlatform
[2018.11.20-13.37.56:163][  0]LogTemp: Display: Loaded TP IOSTargetPlatform
[2018.11.20-13.37.56:163][  0]LogTemp: Display: Loaded TP IOSTargetPlatform
[2018.11.20-13.37.56:188][  0]LogTemp: Display: Loaded TP TVOSTargetPlatform
[2018.11.20-13.37.56:188][  0]LogTemp: Display: Loaded TP TVOSTargetPlatform
[2018.11.20-13.37.56:200][  0]LogTemp: Display: Loaded TP LinuxClientTargetPlatform
[2018.11.20-13.37.56:213][  0]LogTemp: Display: Loaded TP LinuxNoEditorTargetPlatform
[2018.11.20-13.37.56:227][  0]LogTemp: Display: Loaded TP LinuxServerTargetPlatform
[2018.11.20-13.37.56:240][  0]LogTemp: Display: Loaded TP LinuxTargetPlatform
[2018.11.20-13.37.56:249][  0]LogTemp: Display: Loaded TP LuminTargetPlatform
[2018.11.20-13.37.56:249][  0]LogTargetPlatformManager: Display: Building Assets For Windows
[2018.11.20-13.37.56:303][  0]LogXGEController: Cannot use XGE Controller as Incredibuild is not installed on this machine.
[2018.11.20-13.37.56:303][  0]LogShaderCompilers: Cannot use XGE Shader Compiler as Incredibuild is not installed on this machine.
[2018.11.20-13.37.56:303][  0]LogShaderCompilers: Display: Using Local Shader Compiler.
[2018.11.20-13.37.57:037][  0]LogDerivedDataCache: Display: Max Cache Size: 512 MB
[2018.11.20-13.37.57:092][  0]LogDerivedDataCache: Loaded boot cache 0.05s 71MB C:/Users/Manuel/AppData/Local/UnrealEngine/4.20/DerivedDataCache/Boot.ddc.
[2018.11.20-13.37.57:092][  0]LogDerivedDataCache: Display: Loaded Boot cache: C:/Users/Manuel/AppData/Local/UnrealEngine/4.20/DerivedDataCache/Boot.ddc
[2018.11.20-13.37.57:093][  0]LogDerivedDataCache: FDerivedDataBackendGraph:  Pak pak cache file E:/Code/UnrealEngine4/GPP02_HealthPickup/DerivedDataCache/DDC.ddp not found, will not use a pak cache.
[2018.11.20-13.37.57:093][  0]LogDerivedDataCache: Unable to find inner node Pak for hierarchical cache Hierarchy.
[2018.11.20-13.37.57:093][  0]LogDerivedDataCache: FDerivedDataBackendGraph:  CompressedPak pak cache file E:/Code/UnrealEngine4/GPP02_HealthPickup/DerivedDataCache/Compressed.ddp not found, will not use a pak cache.
[2018.11.20-13.37.57:093][  0]LogDerivedDataCache: Unable to find inner node CompressedPak for hierarchical cache Hierarchy.
[2018.11.20-13.37.57:107][  0]LogDerivedDataCache: Display: Pak cache opened for reading ../../../Engine/DerivedDataCache/Compressed.ddp.
[2018.11.20-13.37.57:120][  0]LogDerivedDataCache: Using Local data cache path C:/Users/Manuel/AppData/Local/UnrealEngine/Common/DerivedDataCache: Writable
[2018.11.20-13.37.57:120][  0]LogDerivedDataCache: Shared data cache path not found in *engine.ini, will not use an Shared cache.
[2018.11.20-13.37.57:120][  0]LogDerivedDataCache: Unable to find inner node Shared for hierarchical cache Hierarchy.
[2018.11.20-13.37.57:139][  0]LogMaterial: Verifying Global Shaders for PCD3D_SM5
[2018.11.20-13.37.57:140][  0]LogSlate: Using FreeType 2.6.0
[2018.11.20-13.37.57:140][  0]LogSlate: SlateFontServices - WITH_FREETYPE: 1, WITH_HARFBUZZ: 1
[2018.11.20-13.37.57:216][  0]LogAssetRegistry: FAssetRegistry took 0.0255 seconds to start up
[2018.11.20-13.37.57:573][  0]LogInit: Selected Device Profile: [Windows]
[2018.11.20-13.37.57:716][  0]LogSimplygon: Simplygon DLL not present - disabling.
[2018.11.20-13.37.57:720][  0]LogMeshReduction: Using SimplygonSwarm for distributed automatic mesh merging
[2018.11.20-13.37.57:720][  0]LogMeshReduction: Using ProxyLODMeshReduction for automatic mesh merging
[2018.11.20-13.37.57:720][  0]LogMeshReduction: Using QuadricMeshReduction for automatic static mesh reduction
[2018.11.20-13.37.57:720][  0]LogMeshReduction: No automatic skeletal mesh reduction module available
[2018.11.20-13.37.57:740][  0]LogNetVersion: GPP02_HealthPickup 1.0.0, NetCL: 4212847, EngineNetVer: 5, GameNetVer: 0 (Checksum: 2996844356)
[2018.11.20-13.37.58:334][  0]LogPackageLocalizationCache: Processed 11 localized package path(s) for 2 prioritized culture(s) in 0.139194 seconds
[2018.11.20-13.37.58:341][  0]LogUObjectArray: 38425 objects as part of root set at end of initial load.
[2018.11.20-13.37.58:341][  0]LogUObjectAllocator: 6690864 out of 0 bytes used by permanent object pool.
[2018.11.20-13.37.58:341][  0]LogUObjectArray: CloseDisregardForGC: 0/0 objects in disregard for GC pool
[2018.11.20-13.37.59:247][  0]LogTcpMessaging: Initializing TcpMessaging bridge
[2018.11.20-13.37.59:270][  0]LogUdpMessaging: Initializing bridge on interface 0.0.0.0:0 to multicast group 230.0.0.1:6666.
[2018.11.20-13.37.59:409][  0]SourceControl: Source control is disabled
[2018.11.20-13.37.59:409][  0]SourceControl: Source control is disabled
[2018.11.20-13.37.59:410][  0]SourceControl: Source control is disabled
[2018.11.20-13.37.59:411][  0]SourceControl: Source control is disabled
[2018.11.20-13.37.59:568][  0]LogAndroidPermission: UAndroidPermissionCallbackProxy::GetInstance
[2018.11.20-13.37.59:619][  0]LogOcInput: OculusInput pre-init called
[2018.11.20-13.37.59:682][  0]LogEngine: Initializing Engine...
[2018.11.20-13.37.59:683][  0]LogHMD: Failed to initialize OpenVR with code 110
[2018.11.20-13.37.59:684][  0]LogStats: UGameplayTagsManager::ConstructGameplayTagTree: ImportINI prefixes -  0.000 s
[2018.11.20-13.37.59:684][  0]LogStats: UGameplayTagsManager::ConstructGameplayTagTree: Construct from data asset -  0.000 s
[2018.11.20-13.37.59:684][  0]LogStats: UGameplayTagsManager::ConstructGameplayTagTree: ImportINI -  0.000 s
[2018.11.20-13.37.59:684][  0]LogStats: UGameplayTagsManager::ConstructGameplayTagTree: GameplayTagTreeChangedEvent.Broadcast -  0.000 s
[2018.11.20-13.37.59:906][  0]LogInit: Initializing FReadOnlyCVARCache
[2018.11.20-13.37.59:921][  0]LogAIModule: Creating AISystem for world Untitled
[2018.11.20-13.37.59:943][  0]LogInit: XAudio2 using 'Lautsprecher (Realtek High Definition Audio)' : 2 channels at 48 kHz using 32 bits per sample (channel mask 0x3)
[2018.11.20-13.37.59:960][  0]LogInit: FAudioDevice initialized.
[2018.11.20-13.37.59:961][  0]LogNetVersion: Set ProjectVersion to 1.0.0.0. Version Checksum will be recalculated on next use.
[2018.11.20-13.38.00:056][  0]LogDerivedDataCache: Saved boot cache 0.10s 71MB C:/Users/Manuel/AppData/Local/UnrealEngine/4.20/DerivedDataCache/Boot.ddc.
[2018.11.20-13.38.00:063][  0]LogInit: Texture streaming: Enabled
[2018.11.20-13.38.00:079][  0]LogEngineSessionManager: EngineSessionManager initialized
[2018.11.20-13.38.00:093][  0]LogInit: Transaction tracking system initialized
[2018.11.20-13.38.00:113][  0]BlueprintLog: New page: Editor Load
[2018.11.20-13.38.00:178][  0]LocalizationService: Localization service is disabled
[2018.11.20-13.38.00:464][  0]LogCook: Display: Max memory allowance for cook 16384mb min free memory 0mb
[2018.11.20-13.38.00:465][  0]LogCook: Display: Mobile HDR setting 1
[2018.11.20-13.38.00:465][  0]LogGameplayTags: Display: UGameplayTagsManager::DoneAddingNativeTags. DelegateIsBound: 0
[2018.11.20-13.38.00:465][  0]LogStats: UGameplayTagsManager::ConstructGameplayTagTree: ImportINI prefixes -  0.000 s
[2018.11.20-13.38.00:465][  0]LogStats: UGameplayTagsManager::ConstructGameplayTagTree: Construct from data asset -  0.000 s
[2018.11.20-13.38.00:465][  0]LogStats: UGameplayTagsManager::ConstructGameplayTagTree: ImportINI -  0.000 s
[2018.11.20-13.38.00:465][  0]LogStats: UGameplayTagsManager::ConstructGameplayTagTree: GameplayTagTreeChangedEvent.Broadcast -  0.000 s
[2018.11.20-13.38.00:580][  0]LogFileCache: Scanning file cache for directory 'E:/Code/UnrealEngine4/GPP02_HealthPickup/Content/' took 0.01s
[2018.11.20-13.38.00:580][  0]SourceControl: Source control is disabled
[2018.11.20-13.38.00:580][  0]Cmd: MAP LOAD FILE="E:/Code/UnrealEngine4/GPP02_HealthPickup/Content/ThirdPersonBP/Maps/ThirdPersonExampleMap.umap" TEMPLATE=0 SHOWPROGRESS=1 FEATURELEVEL=3
[2018.11.20-13.38.00:580][  0]LightingResults: New page: Lighting Build
[2018.11.20-13.38.00:583][  0]MapCheck: New page: Map Check
[2018.11.20-13.38.00:583][  0]LightingResults: New page: Lighting Build
[2018.11.20-13.38.01:196][  0]LogAIModule: Creating AISystem for world ThirdPersonExampleMap
[2018.11.20-13.38.01:214][  0]LogEditorServer: Finished looking for orphan Actors (0.000 secs)
[2018.11.20-13.38.01:242][  0]Cmd: MAP CHECKDEP NOCLEARLOG
[2018.11.20-13.38.01:304][  0]MapCheck: Map check complete: 0 Error(s), 0 Warning(s), took 61.372ms to complete.
[2018.11.20-13.38.01:304][  0]LogFileHelpers: Loading map 'ThirdPersonExampleMap' took 0.724
[2018.11.20-13.38.01:405][  0]LogSlate: Updating window title bar state: overlay mode, drag disabled, window buttons hidden, title bar hidden
[2018.11.20-13.38.01:414][  0]LogSlate: Updating window title bar state: overlay mode, drag disabled, window buttons hidden, title bar hidden
[2018.11.20-13.38.01:424][  0]LogSlate: Updating window title bar state: overlay mode, drag disabled, window buttons hidden, title bar hidden
[2018.11.20-13.38.01:432][  0]LogSlate: Updating window title bar state: overlay mode, drag disabled, window buttons hidden, title bar hidden
[2018.11.20-13.38.01:437][  0]LogCollectionManager: Loaded 0 collections in 0.001866 seconds
[2018.11.20-13.38.01:480][  0]LogFileCache: Scanning file cache for directory 'E:/Code/UnrealEngine4/GPP02_HealthPickup/Saved/Collections/' took 0.01s
[2018.11.20-13.38.01:480][  0]LogFileCache: Scanning file cache for directory 'E:/Code/UnrealEngine4/GPP02_HealthPickup/Content/Developers/Manuel/Collections/' took 0.01s
[2018.11.20-13.38.01:480][  0]LogFileCache: Scanning file cache for directory 'E:/Code/UnrealEngine4/GPP02_HealthPickup/Content/Collections/' took 0.01s
[2018.11.20-13.38.01:480][  0]LogCollectionManager: Rebuilt the GUID cache for 0 collections in 0.000000 seconds
[2018.11.20-13.38.01:490][  0]LogContentBrowser: Native class hierarchy populated in 0.0092 seconds. Added 2572 classes and 603 folders.
[2018.11.20-13.38.01:496][  0]LogContentBrowser: Native class hierarchy updated for 'WidgetCarousel' in 0.0002 seconds. Added 0 classes and 0 folders.
[2018.11.20-13.38.01:533][  0]LogContentBrowser: Native class hierarchy updated for 'AddContentDialog' in 0.0002 seconds. Added 0 classes and 0 folders.
[2018.11.20-13.38.01:537][  0]LogContentBrowser: Native class hierarchy updated for 'SceneOutliner' in 0.0002 seconds. Added 1 classes and 2 folders.
[2018.11.20-13.38.01:555][  0]LogSlate: Took 0.000729 seconds to synchronously load lazily loaded font '../../../Engine/Content/Slate/Fonts/Roboto-Regular.ttf' (155K)
[2018.11.20-13.38.01:559][  0]LogSlate: Took 0.000333 seconds to synchronously load lazily loaded font '../../../Engine/Content/Slate/Fonts/Roboto-Bold.ttf' (160K)
[2018.11.20-13.38.01:568][  0]LogSlate: Took 0.000247 seconds to synchronously load lazily loaded font '../../../Engine/Content/Editor/Slate/Fonts/FontAwesome.ttf' (139K)
[2018.11.20-13.38.01:660][  0]LogRenderer: Reallocating scene render targets to support 1208x576 Format 10 NumSamples 1 (Frame:1).
[2018.11.20-13.38.01:836][  0]LogContentBrowser: Native class hierarchy updated for 'HierarchicalLODOutliner' in 0.0003 seconds. Added 0 classes and 0 folders.
[2018.11.20-13.38.01:836][  0]LogLoad: (Engine Initialization) Total time: 8.56 seconds
[2018.11.20-13.38.01:836][  0]LogLoad: (Engine Initialization) Total Blueprint compile time: 0.00 seconds
[2018.11.20-13.38.01:854][  0]LogWindowsTextInputMethodSystem: Display: IME system now deactivated.
[2018.11.20-13.38.01:881][  0]LogContentStreaming: Texture pool size now 1000 MB
[2018.11.20-13.38.01:896][  0]LogSlate: Took 0.000187 seconds to synchronously load lazily loaded font '../../../Engine/Content/Slate/Fonts/Roboto-Light.ttf' (167K)
[2018.11.20-13.38.01:910][  1]LogAssetRegistry: Asset discovery search completed in 4.7156 seconds
[2018.11.20-13.38.01:912][  1]LogCollectionManager: Rebuilt the object cache for 0 collections in 0.000000 seconds (found 0 objects)
[2018.11.20-13.38.01:912][  1]LogCollectionManager: Fixed up redirectors for 0 collections in 0.000041 seconds (updated 0 objects)
[2018.11.20-13.38.03:864][107]LogSlate: FSceneViewport::OnFocusLost() reason 0
[2018.11.20-13.38.03:947][112]LogTemp: Repeating last play command: Selected Viewport
[2018.11.20-13.38.03:956][112]LogBlueprintUserMessages: Early PlayInEditor Detection: Level '/Game/ThirdPersonBP/Maps/ThirdPersonExampleMap.ThirdPersonExampleMap:PersistentLevel' has LevelScriptBlueprint '/Game/ThirdPersonBP/Maps/ThirdPersonExampleMap.ThirdPersonExampleMap:PersistentLevel.ThirdPersonExampleMap' with GeneratedClass '/Game/ThirdPersonBP/Maps/ThirdPersonExampleMap.ThirdPersonExampleMap_C' with ClassGeneratedBy '/Game/ThirdPersonBP/Maps/ThirdPersonExampleMap.ThirdPersonExampleMap:PersistentLevel.ThirdPersonExampleMap'
[2018.11.20-13.38.03:956][112]LogPlayLevel: PlayLevel: No blueprints needed recompiling
[2018.11.20-13.38.03:969][112]PIE: New page: PIE session: ThirdPersonExampleMap (Nov 20, 2018, 3:38:03 PM)
[2018.11.20-13.38.03:969][112]LogPlayLevel: Creating play world package: /Game/ThirdPersonBP/Maps/UEDPIE_0_ThirdPersonExampleMap
[2018.11.20-13.38.03:995][112]LogPlayLevel: PIE: StaticDuplicateObject took: (0.024925s)
[2018.11.20-13.38.03:995][112]LogAIModule: Creating AISystem for world ThirdPersonExampleMap
[2018.11.20-13.38.03:996][112]LogPlayLevel: PIE: World Init took: (0.001113s)
[2018.11.20-13.38.03:996][112]LogPlayLevel: PIE: Created PIE world by copying editor world from /Game/ThirdPersonBP/Maps/ThirdPersonExampleMap.ThirdPersonExampleMap to /Game/ThirdPersonBP/Maps/UEDPIE_0_ThirdPersonExampleMap.ThirdPersonExampleMap (0.026276s)
[2018.11.20-13.38.04:028][112]LogInit: XAudio2 using 'Lautsprecher (Realtek High Definition Audio)' : 2 channels at 48 kHz using 32 bits per sample (channel mask 0x3)
[2018.11.20-13.38.04:044][112]LogInit: FAudioDevice initialized.
[2018.11.20-13.38.04:094][112]LogLoad: Game class is 'ThirdPersonGameMode_C'
[2018.11.20-13.38.04:098][112]LogWorld: Bringing World /Game/ThirdPersonBP/Maps/UEDPIE_0_ThirdPersonExampleMap.ThirdPersonExampleMap up for play (max tick rate 60) at 2018.11.20-14.38.04
[2018.11.20-13.38.04:098][112]LogWorld: Bringing up level for play took: 0.002207
[2018.11.20-13.38.04:117][112]LogContentBrowser: Native class hierarchy updated for 'MovieSceneCapture' in 0.0003 seconds. Added 10 classes and 0 folders.
[2018.11.20-13.38.04:118][112]PIE: Play in editor start time for /Game/ThirdPersonBP/Maps/UEDPIE_0_ThirdPersonExampleMap -0.148
[2018.11.20-13.38.04:118][112]LogBlueprintUserMessages: Late PlayInEditor Detection: Level '/Game/ThirdPersonBP/Maps/ThirdPersonExampleMap.ThirdPersonExampleMap:PersistentLevel' has LevelScriptBlueprint '/Game/ThirdPersonBP/Maps/ThirdPersonExampleMap.ThirdPersonExampleMap:PersistentLevel.ThirdPersonExampleMap' with GeneratedClass '/Game/ThirdPersonBP/Maps/ThirdPersonExampleMap.ThirdPersonExampleMap_C' with ClassGeneratedBy '/Game/ThirdPersonBP/Maps/ThirdPersonExampleMap.ThirdPersonExampleMap:PersistentLevel.ThirdPersonExampleMap'
[2018.11.20-13.38.11:778][569]LogBlueprintUserMessages: [ThirdPersonCharacter_167] New Health Value: 149
[2018.11.20-13.38.14:249][714]LogBlueprintUserMessages: [ThirdPersonCharacter_167] New Health Value: 220
[2018.11.20-13.38.17:450][906]LogBlueprintUserMessages: [ThirdPersonCharacter_167] New Health Value: 285
[2018.11.20-13.38.21:117][126]LogBlueprintUserMessages: [ThirdPersonCharacter_167] New Health Value: 343
[2018.11.20-13.38.25:552][392]LogBlueprintUserMessages: [ThirdPersonCharacter_167] New Health Value: 354
[2018.11.20-13.38.31:236][733]LogBlueprintUserMessages: [ThirdPersonCharacter_167] New Health Value: 374
[2018.11.20-13.38.37:777][124]LogBlueprintUserMessages: [ThirdPersonCharacter_167] New Health Value: 470
[2018.11.20-13.38.42:879][430]LogBlueprintUserMessages: [ThirdPersonCharacter_167] New Health Value: 500
[2018.11.20-13.38.45:945][614]LogBlueprintUserMessages: [ThirdPersonCharacter_167] New Health Value: 537
[2018.11.20-13.38.48:929][793]LogBlueprintUserMessages: [ThirdPersonCharacter_167] New Health Value: 631
[2018.11.20-13.38.51:329][937]LogBlueprintUserMessages: [ThirdPersonCharacter_167] New Health Value: 730
[2018.11.20-13.39.04:730][741]LogBlueprintUserMessages: [ThirdPersonCharacter_167] New Health Value: 780
[2018.11.20-13.39.08:458][964]LogBlueprintUserMessages: [ThirdPersonCharacter_167] New Health Value: 855
[2018.11.20-13.39.13:808][285]LogBlueprintUserMessages: [ThirdPersonCharacter_167] New Health Value: 939
[2018.11.20-13.39.18:959][594]LogBlueprintUserMessages: [ThirdPersonCharacter_167] New Health Value: 1008
[2018.11.20-13.39.25:342][977]LogBlueprintUserMessages: [ThirdPersonCharacter_167] New Health Value: 1035
[2018.11.20-13.39.30:026][258]LogBlueprintUserMessages: [ThirdPersonCharacter_167] New Health Value: 1046
[2018.11.20-13.39.35:160][566]LogBlueprintUserMessages: [ThirdPersonCharacter_167] New Health Value: 1144
[2018.11.20-13.39.40:610][893]LogBlueprintUserMessages: [ThirdPersonCharacter_167] New Health Value: 1171
[2018.11.20-13.39.46:310][235]LogBlueprintUserMessages: [ThirdPersonCharacter_167] New Health Value: 1258
[2018.11.20-13.39.51:627][554]LogBlueprintUserMessages: [ThirdPersonCharacter_167] New Health Value: 1321
[2018.11.20-13.39.56:144][825]LogBlueprintUserMessages: [ThirdPersonCharacter_167] New Health Value: 1419
[2018.11.20-13.39.59:944][ 53]LogBlueprintUserMessages: [ThirdPersonCharacter_167] New Health Value: 1487
[2018.11.20-13.40.04:495][326]LogBlueprintUserMessages: [ThirdPersonCharacter_167] New Health Value: 1585
[2018.11.20-13.40.09:139][604]LogBlueprintUserMessages: [ThirdPersonCharacter_167] New Health Value: 1618
[2018.11.20-13.40.13:123][843]LogBlueprintUserMessages: [ThirdPersonCharacter_167] New Health Value: 1673
[2018.11.20-13.40.17:940][132]LogBlueprintUserMessages: [ThirdPersonCharacter_167] New Health Value: 1689
[2018.11.20-13.40.19:342][216]LogBlueprintUserMessages: Early EndPlayMap Detection: Level '/Game/ThirdPersonBP/Maps/ThirdPersonExampleMap.ThirdPersonExampleMap:PersistentLevel' has LevelScriptBlueprint '/Game/ThirdPersonBP/Maps/ThirdPersonExampleMap.ThirdPersonExampleMap:PersistentLevel.ThirdPersonExampleMap' with GeneratedClass '/Game/ThirdPersonBP/Maps/ThirdPersonExampleMap.ThirdPersonExampleMap_C' with ClassGeneratedBy '/Game/ThirdPersonBP/Maps/ThirdPersonExampleMap.ThirdPersonExampleMap:PersistentLevel.ThirdPersonExampleMap'
[2018.11.20-13.40.19:342][216]LogSlate: Updating window title bar state: overlay mode, drag disabled, window buttons hidden, title bar hidden
[2018.11.20-13.40.19:377][216]LogPlayLevel: Display: Shutting down PIE online subsystems
[2018.11.20-13.40.19:377][216]LogBlueprintUserMessages: Late EndPlayMap Detection: Level '/Game/ThirdPersonBP/Maps/ThirdPersonExampleMap.ThirdPersonExampleMap:PersistentLevel' has LevelScriptBlueprint '/Game/ThirdPersonBP/Maps/ThirdPersonExampleMap.ThirdPersonExampleMap:PersistentLevel.ThirdPersonExampleMap' with GeneratedClass '/Game/ThirdPersonBP/Maps/ThirdPersonExampleMap.ThirdPersonExampleMap_C' with ClassGeneratedBy '/Game/ThirdPersonBP/Maps/ThirdPersonExampleMap.ThirdPersonExampleMap:PersistentLevel.ThirdPersonExampleMap'
[2018.11.20-13.40.19:401][216]LogSlate: Updating window title bar state: overlay mode, drag disabled, window buttons hidden, title bar hidden
[2018.11.20-13.40.19:446][218]LogPlayLevel: Display: Destroying online subsystem :Context_1
[2018.11.20-13.40.21:050][314]LogEditorViewport: Clicking on Actor (LMB): StaticMeshActor (Floor)
[2018.11.20-13.40.22:186][377]LogEditorViewport: Clicking on Actor (LMB): StaticMeshActor (Floor)
[2018.11.20-13.40.22:823][414]LogEditorViewport: Clicking on Actor (LMB): StaticMeshActor (Floor)
[2018.11.20-13.40.23:113][430]LogEditorViewport: Clicking on Component (LMB): StaticMeshComponent (StaticMeshComponent0)
[2018.11.20-13.40.23:579][456]LogEditorViewport: Clicking on Actor (LMB): TargetPoint (TargetPoint3)
[2018.11.20-13.40.25:076][543]Cmd: DELETE
[2018.11.20-13.40.25:076][543]Cmd: ACTOR DELETE
[2018.11.20-13.40.25:086][543]LogSlate: FSceneViewport::OnFocusLost() reason 2
[2018.11.20-13.40.26:566][543]LogSlate: Window 'Message' being destroyed
[2018.11.20-13.40.26:597][543]LogEditorActor: Deleted 0 Actors (1.518 secs)
[2018.11.20-13.40.28:514][658]Cmd: SELECT NONE
[2018.11.20-13.40.29:525][715]LogEditorViewport: Clicking on Actor (LMB): StaticMeshActor (Floor)
[2018.11.20-13.40.32:283][875]LogEditorViewport: Clicking on Actor (LMB): TargetPoint (TargetPoint3)
[2018.11.20-13.40.34:397][999]Cmd: DELETE
[2018.11.20-13.40.34:397][999]Cmd: ACTOR DELETE
[2018.11.20-13.40.34:402][999]LogSlate: FSceneViewport::OnFocusLost() reason 2
[2018.11.20-13.40.40:235][999]LogSlate: Window 'Message' being destroyed
[2018.11.20-13.40.40:266][999]LogEditorActor: Deleted 0 Actors (5.868 secs)
[2018.11.20-13.40.51:114][639]LogEditorViewport: Clicking on Actor (LMB): TargetPoint (TargetPoint)
[2018.11.20-13.40.56:323][947]LogEditorViewport: Clicking on Actor (LMB): TargetPoint (TargetPoint6)
[2018.11.20-13.41.01:037][225]LogEditorViewport: Clicking on Actor (LMB): StaticMeshActor (Floor)
[2018.11.20-13.41.01:681][260]LogEditorViewport: Clicking on Actor (LMB): TargetPoint (TargetPoint5)
[2018.11.20-13.41.05:401][479]LogEditorViewport: Clicking on Actor (LMB): TargetPoint (TargetPoint4)
[2018.11.20-13.41.11:214][823]LogSlate: FSceneViewport::OnFocusLost() reason 0
[2018.11.20-13.41.11:298][828]LogTemp: Repeating last play command: Selected Viewport
[2018.11.20-13.41.11:304][828]LogBlueprintUserMessages: Early PlayInEditor Detection: Level '/Game/ThirdPersonBP/Maps/ThirdPersonExampleMap.ThirdPersonExampleMap:PersistentLevel' has LevelScriptBlueprint '/Game/ThirdPersonBP/Maps/ThirdPersonExampleMap.ThirdPersonExampleMap:PersistentLevel.ThirdPersonExampleMap' with GeneratedClass '/Game/ThirdPersonBP/Maps/ThirdPersonExampleMap.ThirdPersonExampleMap_C' with ClassGeneratedBy '/Game/ThirdPersonBP/Maps/ThirdPersonExampleMap.ThirdPersonExampleMap:PersistentLevel.ThirdPersonExampleMap'
[2018.11.20-13.41.11:304][828]LogPlayLevel: PlayLevel: No blueprints needed recompiling
[2018.11.20-13.41.11:304][828]PIE: New page: PIE session: ThirdPersonExampleMap (Nov 20, 2018, 3:41:11 PM)
[2018.11.20-13.41.11:305][828]LogPlayLevel: Creating play world package: /Game/ThirdPersonBP/Maps/UEDPIE_0_ThirdPersonExampleMap
[2018.11.20-13.41.11:317][828]LogPlayLevel: PIE: StaticDuplicateObject took: (0.012792s)
[2018.11.20-13.41.11:318][828]LogAIModule: Creating AISystem for world ThirdPersonExampleMap
[2018.11.20-13.41.11:318][828]LogPlayLevel: PIE: World Init took: (0.001204s)
[2018.11.20-13.41.11:318][828]LogPlayLevel: PIE: Created PIE world by copying editor world from /Game/ThirdPersonBP/Maps/ThirdPersonExampleMap.ThirdPersonExampleMap to /Game/ThirdPersonBP/Maps/UEDPIE_0_ThirdPersonExampleMap.ThirdPersonExampleMap (0.014194s)
[2018.11.20-13.41.11:350][828]LogInit: XAudio2 using 'Lautsprecher (Realtek High Definition Audio)' : 2 channels at 48 kHz using 32 bits per sample (channel mask 0x3)
[2018.11.20-13.41.11:363][828]LogInit: FAudioDevice initialized.
[2018.11.20-13.41.11:392][828]LogLoad: Game class is 'ThirdPersonGameMode_C'
[2018.11.20-13.41.11:394][828]LogWorld: Bringing World /Game/ThirdPersonBP/Maps/UEDPIE_0_ThirdPersonExampleMap.ThirdPersonExampleMap up for play (max tick rate 60) at 2018.11.20-14.41.11
[2018.11.20-13.41.11:395][828]LogWorld: Bringing up level for play took: 0.001808
[2018.11.20-13.41.11:407][828]PIE: Play in editor start time for /Game/ThirdPersonBP/Maps/UEDPIE_0_ThirdPersonExampleMap -0.86
[2018.11.20-13.41.11:407][828]LogBlueprintUserMessages: Late PlayInEditor Detection: Level '/Game/ThirdPersonBP/Maps/ThirdPersonExampleMap.ThirdPersonExampleMap:PersistentLevel' has LevelScriptBlueprint '/Game/ThirdPersonBP/Maps/ThirdPersonExampleMap.ThirdPersonExampleMap:PersistentLevel.ThirdPersonExampleMap' with GeneratedClass '/Game/ThirdPersonBP/Maps/ThirdPersonExampleMap.ThirdPersonExampleMap_C' with ClassGeneratedBy '/Game/ThirdPersonBP/Maps/ThirdPersonExampleMap.ThirdPersonExampleMap:PersistentLevel.ThirdPersonExampleMap'
[2018.11.20-13.41.14:817][ 31]LogBlueprintUserMessages: [ThirdPersonCharacter_167] New Health Value: 138
[2018.11.20-13.41.33:852][173]LogBlueprintUserMessages: Early EndPlayMap Detection: Level '/Game/ThirdPersonBP/Maps/ThirdPersonExampleMap.ThirdPersonExampleMap:PersistentLevel' has LevelScriptBlueprint '/Game/ThirdPersonBP/Maps/ThirdPersonExampleMap.ThirdPersonExampleMap:PersistentLevel.ThirdPersonExampleMap' with GeneratedClass '/Game/ThirdPersonBP/Maps/ThirdPersonExampleMap.ThirdPersonExampleMap_C' with ClassGeneratedBy '/Game/ThirdPersonBP/Maps/ThirdPersonExampleMap.ThirdPersonExampleMap:PersistentLevel.ThirdPersonExampleMap'
[2018.11.20-13.41.33:852][173]LogSlate: Updating window title bar state: overlay mode, drag disabled, window buttons hidden, title bar hidden
[2018.11.20-13.41.33:887][173]LogPlayLevel: Display: Shutting down PIE online subsystems
[2018.11.20-13.41.33:887][173]LogBlueprintUserMessages: Late EndPlayMap Detection: Level '/Game/ThirdPersonBP/Maps/ThirdPersonExampleMap.ThirdPersonExampleMap:PersistentLevel' has LevelScriptBlueprint '/Game/ThirdPersonBP/Maps/ThirdPersonExampleMap.ThirdPersonExampleMap:PersistentLevel.ThirdPersonExampleMap' with GeneratedClass '/Game/ThirdPersonBP/Maps/ThirdPersonExampleMap.ThirdPersonExampleMap_C' with ClassGeneratedBy '/Game/ThirdPersonBP/Maps/ThirdPersonExampleMap.ThirdPersonExampleMap:PersistentLevel.ThirdPersonExampleMap'
[2018.11.20-13.41.33:911][173]LogSlate: Updating window title bar state: overlay mode, drag disabled, window buttons hidden, title bar hidden
[2018.11.20-13.41.33:953][175]LogPlayLevel: Display: Destroying online subsystem :Context_4
[2018.11.20-13.41.35:257][253]LogSlate: FSceneViewport::OnFocusLost() reason 0
[2018.11.20-13.41.35:323][257]LogTemp: Repeating last play command: Selected Viewport
[2018.11.20-13.41.35:330][257]LogBlueprintUserMessages: Early PlayInEditor Detection: Level '/Game/ThirdPersonBP/Maps/ThirdPersonExampleMap.ThirdPersonExampleMap:PersistentLevel' has LevelScriptBlueprint '/Game/ThirdPersonBP/Maps/ThirdPersonExampleMap.ThirdPersonExampleMap:PersistentLevel.ThirdPersonExampleMap' with GeneratedClass '/Game/ThirdPersonBP/Maps/ThirdPersonExampleMap.ThirdPersonExampleMap_C' with ClassGeneratedBy '/Game/ThirdPersonBP/Maps/ThirdPersonExampleMap.ThirdPersonExampleMap:PersistentLevel.ThirdPersonExampleMap'
[2018.11.20-13.41.35:330][257]LogPlayLevel: PlayLevel: No blueprints needed recompiling
[2018.11.20-13.41.35:330][257]PIE: New page: PIE session: ThirdPersonExampleMap (Nov 20, 2018, 3:41:35 PM)
[2018.11.20-13.41.35:330][257]LogPlayLevel: Creating play world package: /Game/ThirdPersonBP/Maps/UEDPIE_0_ThirdPersonExampleMap
[2018.11.20-13.41.35:343][257]LogPlayLevel: PIE: StaticDuplicateObject took: (0.013079s)
[2018.11.20-13.41.35:344][257]LogAIModule: Creating AISystem for world ThirdPersonExampleMap
[2018.11.20-13.41.35:344][257]LogPlayLevel: PIE: World Init took: (0.001046s)
[2018.11.20-13.41.35:344][257]LogPlayLevel: PIE: Created PIE world by copying editor world from /Game/ThirdPersonBP/Maps/ThirdPersonExampleMap.ThirdPersonExampleMap to /Game/ThirdPersonBP/Maps/UEDPIE_0_ThirdPersonExampleMap.ThirdPersonExampleMap (0.014300s)
[2018.11.20-13.41.35:372][257]LogInit: XAudio2 using 'Lautsprecher (Realtek High Definition Audio)' : 2 channels at 48 kHz using 32 bits per sample (channel mask 0x3)
[2018.11.20-13.41.35:386][257]LogInit: FAudioDevice initialized.
[2018.11.20-13.41.35:416][257]LogLoad: Game class is 'ThirdPersonGameMode_C'
[2018.11.20-13.41.35:419][257]LogWorld: Bringing World /Game/ThirdPersonBP/Maps/UEDPIE_0_ThirdPersonExampleMap.ThirdPersonExampleMap up for play (max tick rate 60) at 2018.11.20-14.41.35
[2018.11.20-13.41.35:419][257]LogWorld: Bringing up level for play took: 0.001617
[2018.11.20-13.41.35:431][257]PIE: Play in editor start time for /Game/ThirdPersonBP/Maps/UEDPIE_0_ThirdPersonExampleMap -0.835
[2018.11.20-13.41.35:432][257]LogBlueprintUserMessages: Late PlayInEditor Detection: Level '/Game/ThirdPersonBP/Maps/ThirdPersonExampleMap.ThirdPersonExampleMap:PersistentLevel' has LevelScriptBlueprint '/Game/ThirdPersonBP/Maps/ThirdPersonExampleMap.ThirdPersonExampleMap:PersistentLevel.ThirdPersonExampleMap' with GeneratedClass '/Game/ThirdPersonBP/Maps/ThirdPersonExampleMap.ThirdPersonExampleMap_C' with ClassGeneratedBy '/Game/ThirdPersonBP/Maps/ThirdPersonExampleMap.ThirdPersonExampleMap:PersistentLevel.ThirdPersonExampleMap'
[2018.11.20-13.41.38:556][443]LogBlueprintUserMessages: [ThirdPersonCharacter_167] New Health Value: 137
[2018.11.20-13.41.53:308][328]LogBlueprintUserMessages: Early EndPlayMap Detection: Level '/Game/ThirdPersonBP/Maps/ThirdPersonExampleMap.ThirdPersonExampleMap:PersistentLevel' has LevelScriptBlueprint '/Game/ThirdPersonBP/Maps/ThirdPersonExampleMap.ThirdPersonExampleMap:PersistentLevel.ThirdPersonExampleMap' with GeneratedClass '/Game/ThirdPersonBP/Maps/ThirdPersonExampleMap.ThirdPersonExampleMap_C' with ClassGeneratedBy '/Game/ThirdPersonBP/Maps/ThirdPersonExampleMap.ThirdPersonExampleMap:PersistentLevel.ThirdPersonExampleMap'
[2018.11.20-13.41.53:308][328]LogSlate: Updating window title bar state: overlay mode, drag disabled, window buttons hidden, title bar hidden
[2018.11.20-13.41.53:344][328]LogPlayLevel: Display: Shutting down PIE online subsystems
[2018.11.20-13.41.53:344][328]LogBlueprintUserMessages: Late EndPlayMap Detection: Level '/Game/ThirdPersonBP/Maps/ThirdPersonExampleMap.ThirdPersonExampleMap:PersistentLevel' has LevelScriptBlueprint '/Game/ThirdPersonBP/Maps/ThirdPersonExampleMap.ThirdPersonExampleMap:PersistentLevel.ThirdPersonExampleMap' with GeneratedClass '/Game/ThirdPersonBP/Maps/ThirdPersonExampleMap.ThirdPersonExampleMap_C' with ClassGeneratedBy '/Game/ThirdPersonBP/Maps/ThirdPersonExampleMap.ThirdPersonExampleMap:PersistentLevel.ThirdPersonExampleMap'
[2018.11.20-13.41.53:368][328]LogSlate: Updating window title bar state: overlay mode, drag disabled, window buttons hidden, title bar hidden
[2018.11.20-13.41.53:409][330]LogPlayLevel: Display: Destroying online subsystem :Context_5
[2018.11.20-13.41.54:485][394]LogSlate: FSceneViewport::OnFocusLost() reason 2
[2018.11.20-13.42.16:880][734]LogSlate: Took 0.004619 seconds to synchronously load lazily loaded font '../../../Engine/Content/Slate/Fonts/DroidSansMono.ttf' (77K)
[2018.11.20-13.42.19:448][886]LogSlate: FSceneViewport::OnFocusLost() reason 0
[2018.11.20-13.42.19:531][891]LogTemp: Repeating last play command: Selected Viewport
[2018.11.20-13.42.19:538][891]LogBlueprintUserMessages: Early PlayInEditor Detection: Level '/Game/ThirdPersonBP/Maps/ThirdPersonExampleMap.ThirdPersonExampleMap:PersistentLevel' has LevelScriptBlueprint '/Game/ThirdPersonBP/Maps/ThirdPersonExampleMap.ThirdPersonExampleMap:PersistentLevel.ThirdPersonExampleMap' with GeneratedClass '/Game/ThirdPersonBP/Maps/ThirdPersonExampleMap.ThirdPersonExampleMap_C' with ClassGeneratedBy '/Game/ThirdPersonBP/Maps/ThirdPersonExampleMap.ThirdPersonExampleMap:PersistentLevel.ThirdPersonExampleMap'
[2018.11.20-13.42.19:539][891]LogPlayLevel: PlayLevel: No blueprints needed recompiling
[2018.11.20-13.42.19:539][891]PIE: New page: PIE session: ThirdPersonExampleMap (Nov 20, 2018, 3:42:19 PM)
[2018.11.20-13.42.19:539][891]LogPlayLevel: Creating play world package: /Game/ThirdPersonBP/Maps/UEDPIE_0_ThirdPersonExampleMap
[2018.11.20-13.42.19:552][891]LogPlayLevel: PIE: StaticDuplicateObject took: (0.012994s)
[2018.11.20-13.42.19:553][891]LogAIModule: Creating AISystem for world ThirdPersonExampleMap
[2018.11.20-13.42.19:554][891]LogPlayLevel: PIE: World Init took: (0.001127s)
[2018.11.20-13.42.19:554][891]LogPlayLevel: PIE: Created PIE world by copying editor world from /Game/ThirdPersonBP/Maps/ThirdPersonExampleMap.ThirdPersonExampleMap to /Game/ThirdPersonBP/Maps/UEDPIE_0_ThirdPersonExampleMap.ThirdPersonExampleMap (0.014747s)
[2018.11.20-13.42.19:586][891]LogInit: XAudio2 using 'Lautsprecher (Realtek High Definition Audio)' : 2 channels at 48 kHz using 32 bits per sample (channel mask 0x3)
[2018.11.20-13.42.19:598][891]LogInit: FAudioDevice initialized.
[2018.11.20-13.42.19:631][891]LogLoad: Game class is 'ThirdPersonGameMode_C'
[2018.11.20-13.42.19:634][891]LogWorld: Bringing World /Game/ThirdPersonBP/Maps/UEDPIE_0_ThirdPersonExampleMap.ThirdPersonExampleMap up for play (max tick rate 60) at 2018.11.20-14.42.19
[2018.11.20-13.42.19:635][891]LogWorld: Bringing up level for play took: 0.001757
[2018.11.20-13.42.19:647][891]PIE: Play in editor start time for /Game/ThirdPersonBP/Maps/UEDPIE_0_ThirdPersonExampleMap -0.62
[2018.11.20-13.42.19:647][891]LogBlueprintUserMessages: Late PlayInEditor Detection: Level '/Game/ThirdPersonBP/Maps/ThirdPersonExampleMap.ThirdPersonExampleMap:PersistentLevel' has LevelScriptBlueprint '/Game/ThirdPersonBP/Maps/ThirdPersonExampleMap.ThirdPersonExampleMap:PersistentLevel.ThirdPersonExampleMap' with GeneratedClass '/Game/ThirdPersonBP/Maps/ThirdPersonExampleMap.ThirdPersonExampleMap_C' with ClassGeneratedBy '/Game/ThirdPersonBP/Maps/ThirdPersonExampleMap.ThirdPersonExampleMap:PersistentLevel.ThirdPersonExampleMap'
[2018.11.20-13.42.23:940][147]LogBlueprintUserMessages: [ThirdPersonCharacter_167] New Health Value: 158
[2018.11.20-13.42.32:654][666]LogBlueprintUserMessages: Early EndPlayMap Detection: Level '/Game/ThirdPersonBP/Maps/ThirdPersonExampleMap.ThirdPersonExampleMap:PersistentLevel' has LevelScriptBlueprint '/Game/ThirdPersonBP/Maps/ThirdPersonExampleMap.ThirdPersonExampleMap:PersistentLevel.ThirdPersonExampleMap' with GeneratedClass '/Game/ThirdPersonBP/Maps/ThirdPersonExampleMap.ThirdPersonExampleMap_C' with ClassGeneratedBy '/Game/ThirdPersonBP/Maps/ThirdPersonExampleMap.ThirdPersonExampleMap:PersistentLevel.ThirdPersonExampleMap'
[2018.11.20-13.42.32:655][666]LogSlate: Updating window title bar state: overlay mode, drag disabled, window buttons hidden, title bar hidden
[2018.11.20-13.42.32:689][666]LogPlayLevel: Display: Shutting down PIE online subsystems
[2018.11.20-13.42.32:689][666]LogBlueprintUserMessages: Late EndPlayMap Detection: Level '/Game/ThirdPersonBP/Maps/ThirdPersonExampleMap.ThirdPersonExampleMap:PersistentLevel' has LevelScriptBlueprint '/Game/ThirdPersonBP/Maps/ThirdPersonExampleMap.ThirdPersonExampleMap:PersistentLevel.ThirdPersonExampleMap' with GeneratedClass '/Game/ThirdPersonBP/Maps/ThirdPersonExampleMap.ThirdPersonExampleMap_C' with ClassGeneratedBy '/Game/ThirdPersonBP/Maps/ThirdPersonExampleMap.ThirdPersonExampleMap:PersistentLevel.ThirdPersonExampleMap'
[2018.11.20-13.42.32:715][666]LogSlate: Updating window title bar state: overlay mode, drag disabled, window buttons hidden, title bar hidden
[2018.11.20-13.42.32:758][668]LogPlayLevel: Display: Destroying online subsystem :Context_6
[2018.11.20-13.42.34:144][751]LogSlate: FSceneViewport::OnFocusLost() reason 0
[2018.11.20-13.42.34:244][757]LogTemp: Repeating last play command: Selected Viewport
[2018.11.20-13.42.34:251][757]LogBlueprintUserMessages: Early PlayInEditor Detection: Level '/Game/ThirdPersonBP/Maps/ThirdPersonExampleMap.ThirdPersonExampleMap:PersistentLevel' has LevelScriptBlueprint '/Game/ThirdPersonBP/Maps/ThirdPersonExampleMap.ThirdPersonExampleMap:PersistentLevel.ThirdPersonExampleMap' with GeneratedClass '/Game/ThirdPersonBP/Maps/ThirdPersonExampleMap.ThirdPersonExampleMap_C' with ClassGeneratedBy '/Game/ThirdPersonBP/Maps/ThirdPersonExampleMap.ThirdPersonExampleMap:PersistentLevel.ThirdPersonExampleMap'
[2018.11.20-13.42.34:251][757]LogPlayLevel: PlayLevel: No blueprints needed recompiling
[2018.11.20-13.42.34:251][757]PIE: New page: PIE session: ThirdPersonExampleMap (Nov 20, 2018, 3:42:34 PM)
[2018.11.20-13.42.34:252][757]LogPlayLevel: Creating play world package: /Game/ThirdPersonBP/Maps/UEDPIE_0_ThirdPersonExampleMap
[2018.11.20-13.42.34:265][757]LogPlayLevel: PIE: StaticDuplicateObject took: (0.013523s)
[2018.11.20-13.42.34:267][757]LogAIModule: Creating AISystem for world ThirdPersonExampleMap
[2018.11.20-13.42.34:267][757]LogPlayLevel: PIE: World Init took: (0.001688s)
[2018.11.20-13.42.34:268][757]LogPlayLevel: PIE: Created PIE world by copying editor world from /Game/ThirdPersonBP/Maps/ThirdPersonExampleMap.ThirdPersonExampleMap to /Game/ThirdPersonBP/Maps/UEDPIE_0_ThirdPersonExampleMap.ThirdPersonExampleMap (0.015819s)
[2018.11.20-13.42.34:301][757]LogInit: XAudio2 using 'Lautsprecher (Realtek High Definition Audio)' : 2 channels at 48 kHz using 32 bits per sample (channel mask 0x3)
[2018.11.20-13.42.34:314][757]LogInit: FAudioDevice initialized.
[2018.11.20-13.42.34:348][757]LogLoad: Game class is 'ThirdPersonGameMode_C'
[2018.11.20-13.42.34:351][757]LogWorld: Bringing World /Game/ThirdPersonBP/Maps/UEDPIE_0_ThirdPersonExampleMap.ThirdPersonExampleMap up for play (max tick rate 60) at 2018.11.20-14.42.34
[2018.11.20-13.42.34:351][757]LogWorld: Bringing up level for play took: 0.001980
[2018.11.20-13.42.34:364][757]PIE: Play in editor start time for /Game/ThirdPersonBP/Maps/UEDPIE_0_ThirdPersonExampleMap 0.098
[2018.11.20-13.42.34:364][757]LogBlueprintUserMessages: Late PlayInEditor Detection: Level '/Game/ThirdPersonBP/Maps/ThirdPersonExampleMap.ThirdPersonExampleMap:PersistentLevel' has LevelScriptBlueprint '/Game/ThirdPersonBP/Maps/ThirdPersonExampleMap.ThirdPersonExampleMap:PersistentLevel.ThirdPersonExampleMap' with GeneratedClass '/Game/ThirdPersonBP/Maps/ThirdPersonExampleMap.ThirdPersonExampleMap_C' with ClassGeneratedBy '/Game/ThirdPersonBP/Maps/ThirdPersonExampleMap.ThirdPersonExampleMap:PersistentLevel.ThirdPersonExampleMap'
[2018.11.20-13.42.36:511][884]LogBlueprintUserMessages: [ThirdPersonCharacter_167] New Health Value: 149
[2018.11.20-13.42.38:894][ 27]LogBlueprintUserMessages: [ThirdPersonCharacter_167] New Health Value: 240
[2018.11.20-13.42.41:896][206]LogBlueprintUserMessages: [ThirdPersonCharacter_167] New Health Value: 333
[2018.11.20-13.42.46:081][457]LogBlueprintUserMessages: Early EndPlayMap Detection: Level '/Game/ThirdPersonBP/Maps/ThirdPersonExampleMap.ThirdPersonExampleMap:PersistentLevel' has LevelScriptBlueprint '/Game/ThirdPersonBP/Maps/ThirdPersonExampleMap.ThirdPersonExampleMap:PersistentLevel.ThirdPersonExampleMap' with GeneratedClass '/Game/ThirdPersonBP/Maps/ThirdPersonExampleMap.ThirdPersonExampleMap_C' with ClassGeneratedBy '/Game/ThirdPersonBP/Maps/ThirdPersonExampleMap.ThirdPersonExampleMap:PersistentLevel.ThirdPersonExampleMap'
[2018.11.20-13.42.46:082][457]LogSlate: Updating window title bar state: overlay mode, drag disabled, window buttons hidden, title bar hidden
[2018.11.20-13.42.46:119][457]LogPlayLevel: Display: Shutting down PIE online subsystems
[2018.11.20-13.42.46:120][457]LogBlueprintUserMessages: Late EndPlayMap Detection: Level '/Game/ThirdPersonBP/Maps/ThirdPersonExampleMap.ThirdPersonExampleMap:PersistentLevel' has LevelScriptBlueprint '/Game/ThirdPersonBP/Maps/ThirdPersonExampleMap.ThirdPersonExampleMap:PersistentLevel.ThirdPersonExampleMap' with GeneratedClass '/Game/ThirdPersonBP/Maps/ThirdPersonExampleMap.ThirdPersonExampleMap_C' with ClassGeneratedBy '/Game/ThirdPersonBP/Maps/ThirdPersonExampleMap.ThirdPersonExampleMap:PersistentLevel.ThirdPersonExampleMap'
[2018.11.20-13.42.46:147][457]LogSlate: Updating window title bar state: overlay mode, drag disabled, window buttons hidden, title bar hidden
[2018.11.20-13.42.46:190][459]LogPlayLevel: Display: Destroying online subsystem :Context_7
[2018.11.20-13.42.48:258][583]Cmd: TRANSACTION UNDO
[2018.11.20-13.42.48:258][583]LogEditorTransaction: Undo Move Actors
[2018.11.20-13.42.48:268][583]LogSlate: Took 0.000267 seconds to synchronously load lazily loaded font '../../../Engine/Content/Slate/Fonts/Roboto-Light.ttf' (167K)
[2018.11.20-13.42.49:294][645]Cmd: TRANSACTION UNDO
[2018.11.20-13.42.49:294][645]LogEditorTransaction: Undo Move Actors
[2018.11.20-13.42.49:494][657]Cmd: TRANSACTION UNDO
[2018.11.20-13.42.49:494][657]LogEditorTransaction: Undo Clicking on Actors
[2018.11.20-13.42.49:642][664]Cmd: TRANSACTION UNDO
[2018.11.20-13.42.49:642][664]LogEditorTransaction: Undo Move Actors
[2018.11.20-13.42.49:810][674]Cmd: TRANSACTION UNDO
[2018.11.20-13.42.49:810][674]LogEditorTransaction: Undo Clicking on Actors
[2018.11.20-13.42.49:946][679]Cmd: TRANSACTION UNDO
[2018.11.20-13.42.49:946][679]LogEditorTransaction: Undo Clicking on Actors
[2018.11.20-13.42.50:133][689]Cmd: TRANSACTION UNDO
[2018.11.20-13.42.50:133][689]LogEditorTransaction: Undo Move Actors
[2018.11.20-13.42.50:271][697]Cmd: TRANSACTION UNDO
[2018.11.20-13.42.50:271][697]LogEditorTransaction: Undo Move Actors
[2018.11.20-13.42.50:439][707]Cmd: TRANSACTION UNDO
[2018.11.20-13.42.50:439][707]LogEditorTransaction: Undo Clicking on Actors
[2018.11.20-13.42.50:596][715]Cmd: TRANSACTION UNDO
[2018.11.20-13.42.50:596][715]LogEditorTransaction: Undo Move Actors
[2018.11.20-13.42.50:767][725]Cmd: TRANSACTION UNDO
[2018.11.20-13.42.50:767][725]LogEditorTransaction: Undo Move Actors
[2018.11.20-13.42.50:933][735]Cmd: TRANSACTION UNDO
[2018.11.20-13.42.50:934][735]LogEditorTransaction: Undo Clicking on Actors
[2018.11.20-13.42.51:075][742]Cmd: TRANSACTION UNDO
[2018.11.20-13.42.51:075][742]LogEditorTransaction: Undo Move Actors
[2018.11.20-13.42.51:259][753]Cmd: TRANSACTION UNDO
[2018.11.20-13.42.51:259][753]LogEditorTransaction: Undo Delete Actors
[2018.11.20-13.42.51:429][763]Cmd: TRANSACTION UNDO
[2018.11.20-13.42.51:429][763]LogEditorTransaction: Undo Clicking on Actors
[2018.11.20-13.42.51:593][770]Cmd: TRANSACTION UNDO
[2018.11.20-13.42.51:593][770]LogEditorTransaction: Undo Clicking on Actors
[2018.11.20-13.42.51:776][781]Cmd: TRANSACTION UNDO
[2018.11.20-13.42.51:776][781]LogEditorTransaction: Undo Select None
[2018.11.20-13.42.51:953][790]Cmd: TRANSACTION UNDO
[2018.11.20-13.42.51:953][790]LogEditorTransaction: Undo Delete Actors
[2018.11.20-13.42.52:105][799]Cmd: TRANSACTION UNDO
[2018.11.20-13.42.52:106][799]LogEditorTransaction: Undo Clicking on Actors
[2018.11.20-13.42.52:283][807]Cmd: TRANSACTION UNDO
[2018.11.20-13.42.52:283][807]LogEditorTransaction: Undo Clicking on Components
[2018.11.20-13.42.52:462][815]Cmd: TRANSACTION UNDO
[2018.11.20-13.42.52:462][815]LogEditorTransaction: Undo Clicking on Actors
[2018.11.20-13.42.52:636][824]Cmd: TRANSACTION UNDO
[2018.11.20-13.42.52:636][824]LogEditorTransaction: Undo Clicking on Actors
[2018.11.20-13.42.52:802][834]Cmd: TRANSACTION UNDO
[2018.11.20-13.42.52:803][834]LogEditorTransaction: Undo Clicking on Actors
[2018.11.20-13.43.00:737][310]LogSlate: FSceneViewport::OnFocusLost() reason 0
[2018.11.20-13.43.11:016][922]LogAssetEditorManager: Opening Asset editor for Blueprint /Game/ThirdPersonBP/Blueprints/HealthInterface.HealthInterface
[2018.11.20-13.43.11:088][922]LogContentBrowser: Native class hierarchy updated for 'BlueprintGraph' in 0.0008 seconds. Added 116 classes and 0 folders.
[2018.11.20-13.43.25:477][729]LogSlate: Window 'HealthInterface' being destroyed
[2018.11.20-13.43.25:485][729]LogSlate: Window 'HealthInterface' being destroyed
[2018.11.20-13.43.26:613][795]LogAssetEditorManager: Opening Asset editor for Blueprint /Game/ThirdPersonBP/Blueprints/HealthPack.HealthPack
[2018.11.20-13.43.27:379][795]LogSlate: Took 0.000211 seconds to synchronously load lazily loaded font '../../../Engine/Content/Slate/Fonts/Roboto-BoldCondensed.ttf' (158K)
[2018.11.20-13.43.27:447][796]LogSlate: Took 0.000284 seconds to synchronously load lazily loaded font '../../../Engine/Content/Slate/Fonts/Roboto-Italic.ttf' (157K)
[2018.11.20-13.45.01:843][298]LogSlate: Window 'HealthPack' being destroyed
[2018.11.20-13.45.01:851][298]LogSlate: Window 'HealthPack' being destroyed
[2018.11.20-13.45.10:281][718]LogSlate: Window 'GPP02_HealthPickup - Unreal Editor' being destroyed
[2018.11.20-13.45.10:283][718]LogWindowsTextInputMethodSystem: Display: IME system now deactivated.
[2018.11.20-13.45.10:461][719]Cmd: QUIT_EDITOR
[2018.11.20-13.45.11:217][719]LogExit: Preparing to exit.
[2018.11.20-13.45.11:612][719]LogExit: Editor shut down
[2018.11.20-13.45.11:613][719]LogExit: Transaction tracking system shut down
[2018.11.20-13.45.12:164][719]LogExit: Object subsystem successfully closed.
[2018.11.20-13.45.12:191][719]LogShaderCompilers: Display: Shaders left to compile 0
[2018.11.20-13.45.12:194][719]LogD3D11RHI: Shutdown
[2018.11.20-13.45.12:194][719]LogD3D11RHI: CleanupD3DDevice
[2018.11.20-13.45.12:195][719]LogD3D11RHI: ~FD3D11DynamicRHI
[2018.11.20-13.45.12:214][719]LogModuleManager: Shutting down and abandoning module BlueprintGraph (616)
[2018.11.20-13.45.12:214][719]LogModuleManager: Shutting down and abandoning module MovieSceneCapture (614)
[2018.11.20-13.45.12:214][719]LogModuleManager: Shutting down and abandoning module Voice (612)
[2018.11.20-13.45.12:214][719]LogModuleManager: Shutting down and abandoning module HierarchicalLODOutliner (610)
[2018.11.20-13.45.12:214][719]LogModuleManager: Shutting down and abandoning module SceneOutliner (608)
[2018.11.20-13.45.12:214][719]LogModuleManager: Shutting down and abandoning module AddContentDialog (606)
[2018.11.20-13.45.12:215][719]LogModuleManager: Shutting down and abandoning module WidgetCarousel (605)
[2018.11.20-13.45.12:215][719]LogModuleManager: Shutting down and abandoning module EditorWidgets (602)
[2018.11.20-13.45.12:215][719]LogModuleManager: Shutting down and abandoning module CollectionManager (600)
[2018.11.20-13.45.12:215][719]LogModuleManager: Shutting down and abandoning module StatsViewer (598)
[2018.11.20-13.45.12:215][719]LogModuleManager: Shutting down and abandoning module FoliageEdit (596)
[2018.11.20-13.45.12:215][719]LogModuleManager: Shutting down and abandoning module LandscapeEditor (594)
[2018.11.20-13.45.12:215][719]LogModuleManager: Shutting down and abandoning module MeshPaintMode (592)
[2018.11.20-13.45.12:215][719]LogModuleManager: Shutting down and abandoning module SceneDepthPickerMode (590)
[2018.11.20-13.45.12:215][719]LogModuleManager: Shutting down and abandoning module ActorPickerMode (588)
[2018.11.20-13.45.12:215][719]LogModuleManager: Shutting down and abandoning module GeometryMode (586)
[2018.11.20-13.45.12:215][719]LogModuleManager: Shutting down and abandoning module TextureAlignMode (584)
[2018.11.20-13.45.12:215][719]LogModuleManager: Shutting down and abandoning module BspMode (582)
[2018.11.20-13.45.12:215][719]LogModuleManager: Shutting down and abandoning module PIEPreviewDeviceProfileSelector (580)
[2018.11.20-13.45.12:215][719]LogModuleManager: Shutting down and abandoning module SequenceRecorderSections (578)
[2018.11.20-13.45.12:215][719]LogModuleManager: Shutting down and abandoning module AutomationWorker (576)
[2018.11.20-13.45.12:215][719]LogModuleManager: Shutting down and abandoning module AudioCaptureEditor (574)
[2018.11.20-13.45.12:215][719]LogModuleManager: Shutting down and abandoning module SequenceRecorder (573)
[2018.11.20-13.45.12:215][719]LogModuleManager: Shutting down and abandoning module MatineeToLevelSequence (570)
[2018.11.20-13.45.12:215][719]LogModuleManager: Shutting down and abandoning module LevelSequenceEditor (568)
[2018.11.20-13.45.12:216][719]LogModuleManager: Shutting down and abandoning module PlacementMode (567)
[2018.11.20-13.45.12:216][719]LogModuleManager: Shutting down and abandoning module MaterialEditor (566)
[2018.11.20-13.45.12:216][719]LogModuleManager: Shutting down and abandoning module WmfMediaFactory (562)
[2018.11.20-13.45.12:216][719]LogModuleManager: Shutting down and abandoning module WmfMediaEditor (560)
[2018.11.20-13.45.12:216][719]LogModuleManager: Shutting down and abandoning module MediaPlayerEditor (558)
[2018.11.20-13.45.12:216][719]LogModuleManager: Shutting down and abandoning module OpenExrWrapper (556)
[2018.11.20-13.45.12:216][719]LogModuleManager: Shutting down and abandoning module ImgMediaFactory (554)
[2018.11.20-13.45.12:216][719]LogModuleManager: Shutting down and abandoning module ImgMediaEditor (552)
[2018.11.20-13.45.12:216][719]LogModuleManager: Shutting down and abandoning module AvfMediaFactory (550)
[2018.11.20-13.45.12:216][719]LogModuleManager: Shutting down and abandoning module AvfMediaEditor (548)
[2018.11.20-13.45.12:216][719]LogModuleManager: Shutting down and abandoning module AndroidMediaFactory (546)
[2018.11.20-13.45.12:216][719]LogModuleManager: Shutting down and abandoning module AndroidMediaEditor (544)
[2018.11.20-13.45.12:216][719]LogModuleManager: Shutting down and abandoning module MagicLeapCameraPreviewFactory (542)
[2018.11.20-13.45.12:216][719]LogModuleManager: Shutting down and abandoning module MagicLeapMediaFactory (540)
[2018.11.20-13.45.12:216][719]LogModuleManager: Shutting down and abandoning module MagicLeapMediaEditor (538)
[2018.11.20-13.45.12:216][719]LogModuleManager: Shutting down and abandoning module CharacterAI (536)
[2018.11.20-13.45.12:216][719]LogModuleManager: Shutting down and abandoning module SmartSnapping (534)
[2018.11.20-13.45.12:216][719]LogModuleManager: Shutting down and abandoning module SessionServices (532)
[2018.11.20-13.45.12:216][719]LogModuleManager: Shutting down and abandoning module ViewportSnapping (530)
[2018.11.20-13.45.12:216][719]LogModuleManager: Shutting down and abandoning module ViewportInteraction (528)
[2018.11.20-13.45.12:216][719]LogModuleManager: Shutting down and abandoning module ClothPainter (526)
[2018.11.20-13.45.12:216][719]LogModuleManager: Shutting down and abandoning module SkeletalMeshEditor (525)
[2018.11.20-13.45.12:216][719]LogModuleManager: Shutting down and abandoning module LogVisualizer (522)
[2018.11.20-13.45.12:216][719]LogModuleManager: Shutting down and abandoning module IntroTutorials (520)
[2018.11.20-13.45.12:216][719]LogModuleManager: Shutting down and abandoning module GameProjectGeneration (519)
[2018.11.20-13.45.12:216][719]LogModuleManager: Shutting down and abandoning module LuminPlatformEditor (516)
[2018.11.20-13.45.12:216][719]LogModuleManager: Shutting down and abandoning module IOSPlatformEditor (514)
[2018.11.20-13.45.12:216][719]LogModuleManager: Shutting down and abandoning module HTML5PlatformEditor (512)
[2018.11.20-13.45.12:216][719]LogModuleManager: Shutting down and abandoning module AndroidPlatformEditor (510)
[2018.11.20-13.45.12:216][719]LogModuleManager: Shutting down and abandoning module AndroidDeviceDetection (509)
[2018.11.20-13.45.12:441][719]LogModuleManager: Shutting down and abandoning module WindowsPlatformEditor (506)
[2018.11.20-13.45.12:441][719]LogModuleManager: Shutting down and abandoning module LuminRuntimeSettings (504)
[2018.11.20-13.45.12:441][719]LogModuleManager: Shutting down and abandoning module IOSRuntimeSettings (502)
[2018.11.20-13.45.12:441][719]LogModuleManager: Shutting down and abandoning module AndroidRuntimeSettings (500)
[2018.11.20-13.45.12:441][719]LogModuleManager: Shutting down and abandoning module InputBindingEditor (498)
[2018.11.20-13.45.12:441][719]LogModuleManager: Shutting down and abandoning module MergeActors (496)
[2018.11.20-13.45.12:441][719]LogModuleManager: Shutting down and abandoning module LocalizationDashboard (494)
[2018.11.20-13.45.12:441][719]LogModuleManager: Shutting down and abandoning module LocalizationService (493)
[2018.11.20-13.45.12:441][719]LogModuleManager: Shutting down and abandoning module HardwareTargeting (490)
[2018.11.20-13.45.12:441][719]LogModuleManager: Shutting down and abandoning module DeviceProfileEditor (488)
[2018.11.20-13.45.12:441][719]LogModuleManager: Shutting down and abandoning module UndoHistory (486)
[2018.11.20-13.45.12:441][719]LogModuleManager: Shutting down and abandoning module XmlParser (484)
[2018.11.20-13.45.12:441][719]LogModuleManager: Shutting down and abandoning module Blutility (482)
[2018.11.20-13.45.12:441][719]LogModuleManager: Shutting down and abandoning module ProjectSettingsViewer (480)
[2018.11.20-13.45.12:441][719]LogModuleManager: Shutting down and abandoning module ProjectTargetPlatformEditor (479)
[2018.11.20-13.45.12:441][719]LogModuleManager: Shutting down and abandoning module EditorSettingsViewer (476)
[2018.11.20-13.45.12:441][719]LogModuleManager: Shutting down and abandoning module SettingsEditor (474)
[2018.11.20-13.45.12:441][719]LogModuleManager: Shutting down and abandoning module ProjectLauncher (472)
[2018.11.20-13.45.12:441][719]LogModuleManager: Shutting down and abandoning module SessionFrontend (470)
[2018.11.20-13.45.12:441][719]LogModuleManager: Shutting down and abandoning module ProfilerClient (468)
[2018.11.20-13.45.12:441][719]LogModuleManager: Shutting down and abandoning module DeviceManager (466)
[2018.11.20-13.45.12:442][719]LogModuleManager: Shutting down and abandoning module TargetDeviceServices (465)
[2018.11.20-13.45.12:504][719]LogModuleManager: Shutting down and abandoning module AutomationController (462)
[2018.11.20-13.45.12:504][719]LogModuleManager: Shutting down and abandoning module AutomationWindow (460)
[2018.11.20-13.45.12:504][719]LogModuleManager: Shutting down and abandoning module Layers (458)
[2018.11.20-13.45.12:504][719]LogModuleManager: Shutting down and abandoning module ComponentVisualizers (456)
[2018.11.20-13.45.12:504][719]LogModuleManager: Shutting down and abandoning module DetailCustomizations (454)
[2018.11.20-13.45.12:504][719]LogModuleManager: Shutting down and abandoning module PackagesDialog (452)
[2018.11.20-13.45.12:504][719]LogModuleManager: Shutting down and abandoning module Persona (450)
[2018.11.20-13.45.12:504][719]LogModuleManager: Shutting down and abandoning module AdvancedPreviewScene (449)
[2018.11.20-13.45.12:504][719]LogModuleManager: Shutting down and abandoning module AnimGraph (447)
[2018.11.20-13.45.12:504][719]LogModuleManager: Shutting down and abandoning module Kismet (444)
[2018.11.20-13.45.12:508][719]LogModuleManager: Shutting down and abandoning module GraphEditor (442)
[2018.11.20-13.45.12:508][719]LogModuleManager: Shutting down and abandoning module ClassViewer (440)
[2018.11.20-13.45.12:508][719]LogModuleManager: Shutting down and abandoning module Toolbox (438)
[2018.11.20-13.45.12:508][719]LogModuleManager: Shutting down and abandoning module ModuleUI (436)
[2018.11.20-13.45.12:508][719]LogModuleManager: Shutting down and abandoning module MovieSceneTools (434)
[2018.11.20-13.45.12:508][719]LogModuleManager: Shutting down and abandoning module OutputLog (432)
[2018.11.20-13.45.12:508][719]LogModuleManager: Shutting down and abandoning module GammaUI (430)
[2018.11.20-13.45.12:508][719]LogModuleManager: Shutting down and abandoning module Documentation (428)
[2018.11.20-13.45.12:508][719]LogModuleManager: Shutting down and abandoning module MovieSceneTracks (426)
[2018.11.20-13.45.12:508][719]LogModuleManager: Shutting down and abandoning module MovieScene (424)
[2018.11.20-13.45.12:509][719]LogModuleManager: Shutting down and abandoning module StreamingPauseRendering (422)
[2018.11.20-13.45.12:509][719]LogModuleManager: Shutting down and abandoning module LauncherPlatform (420)
[2018.11.20-13.45.12:509][719]LogModuleManager: Shutting down and abandoning module AnalyticsET (418)
[2018.11.20-13.45.12:509][719]LogModuleManager: Shutting down and abandoning module PortalServices (416)
[2018.11.20-13.45.12:509][719]LogModuleManager: Shutting down and abandoning module PortalRpc (414)
[2018.11.20-13.45.12:509][719]LogModuleManager: Shutting down and abandoning module MessagingRpc (412)
[2018.11.20-13.45.12:509][719]LogModuleManager: Shutting down and abandoning module AIModule (410)
[2018.11.20-13.45.12:509][719]LogModuleManager: Shutting down and abandoning module GameplayDebugger (409)
[2018.11.20-13.45.12:509][719]LogModuleManager: Shutting down and abandoning module AITestSuite (407)
[2018.11.20-13.45.12:509][719]LogModuleManager: Shutting down and abandoning module NavigationSystem (405)
[2018.11.20-13.45.12:509][719]LogModuleManager: Shutting down and abandoning module DesktopPlatform (402)
[2018.11.20-13.45.12:509][719]LogModuleManager: Shutting down and abandoning module ProfilerService (400)
[2018.11.20-13.45.12:621][719]LogModuleManager: Shutting down and abandoning module TaskGraph (398)
[2018.11.20-13.45.12:621][719]LogModuleManager: Shutting down and abandoning module SteamVRController (396)
[2018.11.20-13.45.12:621][719]LogModuleManager: Shutting down and abandoning module ProceduralMeshComponentEditor (394)
[2018.11.20-13.45.12:621][719]LogModuleManager: Shutting down and abandoning module ProceduralMeshComponent (392)
[2018.11.20-13.45.12:621][719]LogModuleManager: Shutting down and abandoning module OculusInput (390)
[2018.11.20-13.45.12:621][719]LogModuleManager: Shutting down and abandoning module MobilePatchingUtils (388)
[2018.11.20-13.45.12:621][719]LogModuleManager: Shutting down and abandoning module EditableMesh (386)
[2018.11.20-13.45.12:621][719]LogModuleManager: Shutting down and abandoning module CustomMeshComponent (384)
[2018.11.20-13.45.12:621][719]LogModuleManager: Shutting down and abandoning module CableComponent (382)
[2018.11.20-13.45.12:621][719]LogModuleManager: Shutting down and abandoning module AudioCapture (380)
[2018.11.20-13.45.12:621][719]LogModuleManager: Shutting down and abandoning module ArchVisCharacter (378)
[2018.11.20-13.45.12:621][719]LogModuleManager: Shutting down and abandoning module AndroidPermission (376)
[2018.11.20-13.45.12:621][719]LogModuleManager: Shutting down and abandoning module NUTUnrealEngine4 (374)
[2018.11.20-13.45.12:621][719]LogModuleManager: Shutting down and abandoning module NetcodeUnitTest (372)
[2018.11.20-13.45.12:621][719]LogModuleManager: Shutting down and abandoning module MediaCompositingEditor (370)
[2018.11.20-13.45.12:621][719]LogModuleManager: Shutting down and abandoning module MediaCompositing (368)
[2018.11.20-13.45.12:621][719]LogModuleManager: Shutting down and abandoning module LinearTimecode (366)
[2018.11.20-13.45.12:621][719]LogModuleManager: Shutting down and abandoning module ImgMedia (364)
[2018.11.20-13.45.12:625][719]LogModuleManager: Shutting down and abandoning module HTML5Networking (362)
[2018.11.20-13.45.12:625][719]LogModuleManager: Shutting down and abandoning module GeometryCacheTracks (360)
[2018.11.20-13.45.12:625][719]LogModuleManager: Shutting down and abandoning module GeometryCacheSequencer (358)
[2018.11.20-13.45.12:626][719]LogModuleManager: Shutting down and abandoning module BackChannel (356)
[2018.11.20-13.45.12:626][719]LogModuleManager: Shutting down and abandoning module AppleVision (354)
[2018.11.20-13.45.12:626][719]LogModuleManager: Shutting down and abandoning module AppleImageUtils (352)
[2018.11.20-13.45.12:626][719]LogModuleManager: Shutting down and abandoning module AlembicImporter (350)
[2018.11.20-13.45.12:626][719]LogModuleManager: Shutting down and abandoning module AlembicLibrary (349)
[2018.11.20-13.45.12:626][719]LogModuleManager: Shutting down and abandoning module GeometryCache (348)
[2018.11.20-13.45.12:626][719]LogModuleManager: Shutting down and abandoning module GeometryCacheEd (347)
[2018.11.20-13.45.12:626][719]LogModuleManager: Shutting down and abandoning module DatasmithContentEditor (342)
[2018.11.20-13.45.12:626][719]LogModuleManager: Shutting down and abandoning module DatasmithContent (340)
[2018.11.20-13.45.12:627][719]LogModuleManager: Shutting down and abandoning module SpeedTreeImporter (338)
[2018.11.20-13.45.12:627][719]LogModuleManager: Shutting down and abandoning module PluginBrowser (336)
[2018.11.20-13.45.12:627][719]LogModuleManager: Shutting down and abandoning module MobileLauncherProfileWizard (334)
[2018.11.20-13.45.12:627][719]LogModuleManager: Shutting down and abandoning module PolygonModeling (332)
[2018.11.20-13.45.12:627][719]LogModuleManager: Shutting down and abandoning module MeshEditor (330)
[2018.11.20-13.45.12:627][719]LogModuleManager: Shutting down and abandoning module CryptoKeysOpenSSL (328)
[2018.11.20-13.45.12:627][719]LogModuleManager: Shutting down and abandoning module CryptoKeys (326)
[2018.11.20-13.45.12:627][719]LogModuleManager: Shutting down and abandoning module VisualStudioSourceCodeAccess (324)
[2018.11.20-13.45.12:627][719]LogModuleManager: Shutting down and abandoning module VisualStudioCodeSourceCodeAccess (322)
[2018.11.20-13.45.12:627][719]LogModuleManager: Shutting down and abandoning module UObjectPlugin (320)
[2018.11.20-13.45.12:627][719]LogModuleManager: Shutting down and abandoning module SubversionSourceControl (318)
[2018.11.20-13.45.12:627][719]LogModuleManager: Shutting down and abandoning module PerforceSourceControl (316)
[2018.11.20-13.45.12:627][719]LogModuleManager: Shutting down and abandoning module GitSourceControl (314)
[2018.11.20-13.45.12:627][719]LogModuleManager: Shutting down and abandoning module SourceControl (313)
[2018.11.20-13.45.12:627][719]LogModuleManager: Shutting down and abandoning module CLionSourceCodeAccess (310)
[2018.11.20-13.45.12:627][719]LogModuleManager: Shutting down and abandoning module LightPropagationVolumeEditor (308)
[2018.11.20-13.45.12:627][719]LogModuleManager: Shutting down and abandoning module PaperTiledImporter (306)
[2018.11.20-13.45.12:627][719]LogModuleManager: Shutting down and abandoning module PaperSpriteSheetImporter (304)
[2018.11.20-13.45.12:627][719]LogModuleManager: Shutting down and abandoning module Paper2DEditor (302)
[2018.11.20-13.45.12:627][719]LogModuleManager: Shutting down and abandoning module MeshPaint (301)
[2018.11.20-13.45.12:627][719]LogModuleManager: Shutting down and abandoning module RuntimePhysXCooking (298)
[2018.11.20-13.45.12:627][719]LogModuleManager: Shutting down and abandoning module PhysXVehiclesEditor (296)
[2018.11.20-13.45.12:627][719]LogModuleManager: Shutting down and abandoning module PhysXVehicles (294)
[2018.11.20-13.45.12:627][719]LogModuleManager: Shutting down and abandoning module OculusEditor (292)
[2018.11.20-13.45.12:627][719]LogModuleManager: Shutting down and abandoning module LocationServicesBPLibrary (290)
[2018.11.20-13.45.12:627][719]LogModuleManager: Shutting down and abandoning module ImmediatePhysicsEditor (288)
[2018.11.20-13.45.12:627][719]LogModuleManager: Shutting down and abandoning module ImmediatePhysics (286)
[2018.11.20-13.45.12:627][719]LogModuleManager: Shutting down and abandoning module ActorSequence (284)
[2018.11.20-13.45.12:627][719]LogModuleManager: Shutting down and abandoning module UdpMessaging (282)
[2018.11.20-13.45.12:728][719]LogModuleManager: Shutting down and abandoning module TcpMessaging (280)
[2018.11.20-13.45.12:828][719]LogModuleManager: Shutting down and abandoning module MagicLeapAudio (278)
[2018.11.20-13.45.12:828][719]LogModuleManager: Shutting down and abandoning module GameplayTagsEditor (276)
[2018.11.20-13.45.12:828][719]LogModuleManager: Shutting down and abandoning module FacialAnimationEditor (274)
[2018.11.20-13.45.12:828][719]LogModuleManager: Shutting down and abandoning module FacialAnimation (272)
[2018.11.20-13.45.12:828][719]LogModuleManager: Shutting down and abandoning module DataValidation (270)
[2018.11.20-13.45.12:828][719]LogModuleManager: Shutting down and abandoning module AssetManagerEditor (268)
[2018.11.20-13.45.12:828][719]LogModuleManager: Shutting down and abandoning module LevelEditor (267)
[2018.11.20-13.45.12:829][719]LogModuleManager: Shutting down and abandoning module PixelInspectorModule (266)
[2018.11.20-13.45.12:829][719]LogModuleManager: Shutting down and abandoning module CommonMenuExtensions (264)
[2018.11.20-13.45.12:829][719]LogModuleManager: Shutting down and abandoning module MainFrame (262)
[2018.11.20-13.45.12:829][719]LogModuleManager: Shutting down and abandoning module HotReload (261)
[2018.11.20-13.45.12:830][719]LogModuleManager: Shutting down and abandoning module ContentBrowser (257)
[2018.11.20-13.45.12:831][719]LogModuleManager: Shutting down and abandoning module TreeMap (255)
[2018.11.20-13.45.12:831][719]LogModuleManager: Shutting down and abandoning module LightPropagationVolumeRuntime (252)
[2018.11.20-13.45.12:831][719]LogModuleManager: Shutting down and abandoning module AISupportModule (250)
[2018.11.20-13.45.12:831][719]LogModuleManager: Shutting down and abandoning module Paper2D (248)
[2018.11.20-13.45.12:831][719]LogModuleManager: Shutting down and abandoning module WindowsMoviePlayer (246)
[2018.11.20-13.45.12:831][719]LogModuleManager: Shutting down and abandoning module WmfMedia (244)
[2018.11.20-13.45.12:833][719]LogModuleManager: Shutting down and abandoning module Media (243)
[2018.11.20-13.45.12:838][719]LogModuleManager: Shutting down and abandoning module PacketHandler (240)
[2018.11.20-13.45.12:838][719]LogModuleManager: Shutting down and abandoning module ClothingSystemEditor (238)
[2018.11.20-13.45.12:838][719]LogModuleManager: Shutting down and abandoning module ClothingSystemRuntime (236)
[2018.11.20-13.45.12:838][719]LogModuleManager: Shutting down and abandoning module MediaAssets (234)
[2018.11.20-13.45.12:838][719]LogModuleManager: Shutting down and abandoning module Overlay (232)
[2018.11.20-13.45.12:838][719]LogModuleManager: Shutting down and abandoning module OverlayEditor (231)
[2018.11.20-13.45.12:838][719]LogModuleManager: Shutting down and abandoning module VREditor (228)
[2018.11.20-13.45.12:838][719]LogModuleManager: Shutting down and abandoning module StringTableEditor (226)
[2018.11.20-13.45.12:838][719]LogModuleManager: Shutting down and abandoning module GameplayTasksEditor (224)
[2018.11.20-13.45.12:839][719]LogModuleManager: Shutting down and abandoning module BehaviorTreeEditor (222)
[2018.11.20-13.45.12:839][719]LogModuleManager: Shutting down and abandoning module FunctionalTesting (220)
[2018.11.20-13.45.12:839][719]LogModuleManager: Shutting down and abandoning module CollisionAnalyzer (218)
[2018.11.20-13.45.12:839][719]LogModuleManager: Shutting down and abandoning module WorkspaceMenuStructure (217)
[2018.11.20-13.45.12:839][719]LogModuleManager: Shutting down and abandoning module UMG (214)
[2018.11.20-13.45.12:839][719]LogModuleManager: Shutting down and abandoning module UMGEditor (213)
[2018.11.20-13.45.12:839][719]LogModuleManager: Shutting down and abandoning module Sequencer (212)
[2018.11.20-13.45.12:839][719]LogModuleManager: Shutting down and abandoning module MessageLog (209)
[2018.11.20-13.45.12:839][719]LogModuleManager: Shutting down and abandoning module SlateReflector (204)
[2018.11.20-13.45.12:839][719]LogModuleManager: Shutting down and abandoning module Slate (202)
[2018.11.20-13.45.12:839][719]LogModuleManager: Shutting down and abandoning module EditorStyle (200)
[2018.11.20-13.45.12:841][719]LogModuleManager: Shutting down and abandoning module MRMesh (198)
[2018.11.20-13.45.12:841][719]LogModuleManager: Shutting down and abandoning module SourceCodeAccess (196)
[2018.11.20-13.45.12:841][719]LogModuleManager: Shutting down and abandoning module HeadMountedDisplay (194)
[2018.11.20-13.45.12:841][719]LogModuleManager: Shutting down and abandoning module XAudio2 (192)
[2018.11.20-13.45.12:841][719]LogModuleManager: Shutting down and abandoning module Networking (190)
[2018.11.20-13.45.12:841][719]LogModuleManager: Shutting down and abandoning module Core (188)
[2018.11.20-13.45.12:841][719]LogModuleManager: Shutting down and abandoning module LevelSequence (186)
[2018.11.20-13.45.12:841][719]LogModuleManager: Shutting down and abandoning module KismetCompiler (184)
[2018.11.20-13.45.12:841][719]LogModuleManager: Shutting down and abandoning module MeshUtilities (182)
[2018.11.20-13.45.12:841][719]LogModuleManager: Shutting down and abandoning module MeshMergeUtilities (181)
[2018.11.20-13.45.12:841][719]LogModuleManager: Shutting down and abandoning module MeshReductionInterface (180)
[2018.11.20-13.45.12:841][719]LogModuleManager: Shutting down and abandoning module SimplygonSwarm (179)
[2018.11.20-13.45.12:841][719]LogModuleManager: Shutting down and abandoning module ProxyLODMeshReduction (177)
[2018.11.20-13.45.12:841][719]LogModuleManager: Shutting down and abandoning module SimplygonMeshReduction (175)
[2018.11.20-13.45.12:841][719]LogModuleManager: Shutting down and abandoning module QuadricMeshReduction (173)
[2018.11.20-13.45.12:841][719]LogModuleManager: Shutting down and abandoning module MaterialBaking (169)
[2018.11.20-13.45.12:841][719]LogModuleManager: Shutting down and abandoning module DirectoryWatcher (165)
[2018.11.20-13.45.12:841][719]LogModuleManager: Shutting down and abandoning module DerivedDataCache (162)
[2018.11.20-13.45.12:907][719]LogDerivedDataCache: Shutdown
[2018.11.20-13.45.12:907][719]LogModuleManager: Shutting down and abandoning module XGEController (160)
[2018.11.20-13.45.12:907][719]LogModuleManager: Shutting down and abandoning module TargetPlatform (158)
[2018.11.20-13.45.12:907][719]LogModuleManager: Shutting down and abandoning module VulkanShaderFormat (157)
[2018.11.20-13.45.12:907][719]LogModuleManager: Shutting down and abandoning module ShaderFormatVectorVM (155)
[2018.11.20-13.45.12:907][719]LogModuleManager: Shutting down and abandoning module ShaderFormatOpenGL (153)
[2018.11.20-13.45.12:908][719]LogModuleManager: Shutting down and abandoning module ShaderFormatD3D (151)
[2018.11.20-13.45.12:908][719]LogModuleManager: Shutting down and abandoning module MetalShaderFormat (149)
[2018.11.20-13.45.12:908][719]LogModuleManager: Shutting down and abandoning module TextureFormatUncompressed (147)
[2018.11.20-13.45.12:908][719]LogModuleManager: Shutting down and abandoning module TextureFormatPVR (145)
[2018.11.20-13.45.12:908][719]LogModuleManager: Shutting down and abandoning module TextureFormatDXT (143)
[2018.11.20-13.45.12:908][719]LogModuleManager: Shutting down and abandoning module TextureFormatIntelISPCTexComp (141)
[2018.11.20-13.45.12:908][719]LogModuleManager: Shutting down and abandoning module TextureFormatASTC (139)
[2018.11.20-13.45.12:908][719]LogModuleManager: Shutting down and abandoning module ImageWrapper (138)
[2018.11.20-13.45.12:908][719]LogModuleManager: Shutting down and abandoning module TextureFormatAndroid (135)
[2018.11.20-13.45.12:908][719]LogModuleManager: Shutting down and abandoning module AudioFormatOpus (133)
[2018.11.20-13.45.12:908][719]LogModuleManager: Shutting down and abandoning module AudioFormatOgg (131)
[2018.11.20-13.45.12:908][719]LogModuleManager: Shutting down and abandoning module AudioFormatADPCM (129)
[2018.11.20-13.45.12:908][719]LogModuleManager: Shutting down and abandoning module LuminTargetPlatform (127)
[2018.11.20-13.45.12:908][719]LogModuleManager: Shutting down and abandoning module LinuxTargetPlatform (125)
[2018.11.20-13.45.12:908][719]LogModuleManager: Shutting down and abandoning module LinuxServerTargetPlatform (123)
[2018.11.20-13.45.12:908][719]LogModuleManager: Shutting down and abandoning module LinuxNoEditorTargetPlatform (121)
[2018.11.20-13.45.12:908][719]LogModuleManager: Shutting down and abandoning module LinuxClientTargetPlatform (119)
[2018.11.20-13.45.12:908][719]LogModuleManager: Shutting down and abandoning module TVOSTargetPlatform (117)
[2018.11.20-13.45.12:909][719]LogModuleManager: Shutting down and abandoning module Messaging (115)
[2018.11.20-13.45.12:909][719]LogModuleManager: Shutting down and abandoning module IOSTargetPlatform (113)
[2018.11.20-13.45.12:909][719]LogModuleManager: Shutting down and abandoning module HTML5TargetPlatform (111)
[2018.11.20-13.45.12:909][719]LogModuleManager: Shutting down and abandoning module AndroidTargetPlatform (109)
[2018.11.20-13.45.12:915][719]LogModuleManager: Shutting down and abandoning module WindowsTargetPlatform (107)
[2018.11.20-13.45.12:915][719]LogModuleManager: Shutting down and abandoning module WindowsServerTargetPlatform (105)
[2018.11.20-13.45.12:915][719]LogModuleManager: Shutting down and abandoning module WindowsNoEditorTargetPlatform (103)
[2018.11.20-13.45.12:915][719]LogModuleManager: Shutting down and abandoning module WindowsClientTargetPlatform (101)
[2018.11.20-13.45.12:915][719]LogModuleManager: Shutting down and abandoning module MacTargetPlatform (99)
[2018.11.20-13.45.12:915][719]LogModuleManager: Shutting down and abandoning module MacServerTargetPlatform (97)
[2018.11.20-13.45.12:915][719]LogModuleManager: Shutting down and abandoning module MacNoEditorTargetPlatform (95)
[2018.11.20-13.45.12:915][719]LogModuleManager: Shutting down and abandoning module MacClientTargetPlatform (93)
[2018.11.20-13.45.12:915][719]LogModuleManager: Shutting down and abandoning module AllDesktopTargetPlatform (91)
[2018.11.20-13.45.12:915][719]LogModuleManager: Shutting down and abandoning module InputCore (88)
[2018.11.20-13.45.12:915][719]LogModuleManager: Shutting down and abandoning module Settings (86)
[2018.11.20-13.45.12:915][719]LogModuleManager: Shutting down and abandoning module PhysXCooking (84)
[2018.11.20-13.45.12:915][719]LogModuleManager: Shutting down and abandoning module SteamVR (82)
[2018.11.20-13.45.12:916][719]LogModuleManager: Shutting down and abandoning module OculusHMD (80)
[2018.11.20-13.45.12:916][719]LogModuleManager: Shutting down and abandoning module ExampleDeviceProfileSelector (78)
[2018.11.20-13.45.12:916][719]LogModuleManager: Shutting down and abandoning module LauncherChunkInstaller (76)
[2018.11.20-13.45.12:916][719]LogModuleManager: Shutting down and abandoning module OnlineBlueprintSupport (74)
[2018.11.20-13.45.12:916][719]LogModuleManager: Shutting down and abandoning module OnlineSubsystem (70)
[2018.11.20-13.45.12:916][719]LogModuleManager: Shutting down and abandoning module XMPP (65)
[2018.11.20-13.45.12:916][719]LogModuleManager: Shutting down and abandoning module WebSockets (64)
[2018.11.20-13.45.12:939][719]LogModuleManager: Shutting down and abandoning module HTTP (61)
[2018.11.20-13.45.12:939][719]LogHttp: Display: Http module shutting down, but needs to wait on 1 outstanding Http requests:
[2018.11.20-13.45.12:939][719]LogHttp: Display: 	verb=[POST] url=[https://datarouter.ol.epicgames.com/datarouter/api/v1/public/data?SessionID=%7B11F97694-42FD-9CA2-C9F6-86A96ABCFD87%7D&AppID=UEEditor.Rocket.Release&AppVersion=4.20.3-4369336%2B%2B%2BUE4%2BRelease-4.20&UserID=339af1284beca695afdc37ada523295e%7C33ccb99867044a61ab58c1cf6f077ade%7C2ecec75d-5ec8-4e9a-817e-42ed24a9060b&AppEnvironment=datacollector-binary&UploadType=eteventstream] status=Processing
[2018.11.20-13.45.12:963][719]LogModuleManager: Shutting down and abandoning module SSL (60)
[2018.11.20-13.45.12:964][719]LogModuleManager: Shutting down and abandoning module MagicLeapEmulator (56)
[2018.11.20-13.45.12:964][719]LogModuleManager: Shutting down and abandoning module MagicLeapPrivileges (54)
[2018.11.20-13.45.12:964][719]LogModuleManager: Shutting down and abandoning module MagicLeapIdentity (52)
[2018.11.20-13.45.12:964][719]LogModuleManager: Shutting down and abandoning module MagicLeapHelperVulkan (50)
[2018.11.20-13.45.12:964][719]LogModuleManager: Shutting down and abandoning module MagicLeapHelperOpenGL (48)
[2018.11.20-13.45.12:964][719]LogModuleManager: Shutting down and abandoning module MagicLeapSecureStorage (46)
[2018.11.20-13.45.12:964][719]LogModuleManager: Shutting down and abandoning module MagicLeapGestures (44)
[2018.11.20-13.45.12:964][719]LogModuleManager: Shutting down and abandoning module MagicLeapEyeTracker (42)
[2018.11.20-13.45.12:964][719]LogModuleManager: Shutting down and abandoning module MagicLeapController (40)
[2018.11.20-13.45.12:964][719]LogSlate: Slate User Destroyed.  User Index 0, Is Virtual User: 0
[2018.11.20-13.45.12:964][719]LogModuleManager: Shutting down and abandoning module MagicLeap (38)
[2018.11.20-13.45.12:964][719]LogModuleManager: Shutting down and abandoning module AnimationModifiers (36)
[2018.11.20-13.45.12:964][719]LogModuleManager: Shutting down and abandoning module PropertyEditor (35)
[2018.11.20-13.45.12:964][719]LogModuleManager: Shutting down and abandoning module AudioEditor (32)
[2018.11.20-13.45.12:964][719]LogModuleManager: Shutting down and abandoning module TextureCompressor (30)
[2018.11.20-13.45.12:964][719]LogModuleManager: Shutting down and abandoning module ShaderCore (28)
[2018.11.20-13.45.12:964][719]LogModuleManager: Shutting down and abandoning module Landscape (26)
[2018.11.20-13.45.12:964][719]LogModuleManager: Shutting down and abandoning module SlateRHIRenderer (24)
[2018.11.20-13.45.12:965][719]LogModuleManager: Shutting down and abandoning module OpenGLDrv (22)
[2018.11.20-13.45.12:965][719]LogModuleManager: Shutting down and abandoning module D3D11RHI (20)
[2018.11.20-13.45.12:965][719]LogModuleManager: Shutting down and abandoning module AnimGraphRuntime (18)
[2018.11.20-13.45.12:965][719]LogModuleManager: Shutting down and abandoning module Renderer (16)
[2018.11.20-13.45.12:965][719]LogModuleManager: Shutting down and abandoning module Engine (14)
[2018.11.20-13.45.12:965][719]LogModuleManager: Shutting down and abandoning module CoreUObject (12)
[2018.11.20-13.45.12:965][719]LogModuleManager: Shutting down and abandoning module NetworkFile (10)
[2018.11.20-13.45.12:965][719]LogModuleManager: Shutting down and abandoning module CookedIterativeFile (8)
[2018.11.20-13.45.12:965][719]LogModuleManager: Shutting down and abandoning module StreamingFile (6)
[2018.11.20-13.45.12:965][719]LogModuleManager: Shutting down and abandoning module SandboxFile (4)
[2018.11.20-13.45.12:965][719]LogModuleManager: Shutting down and abandoning module PakFile (2)
[2018.11.20-13.45.12:972][719]LogExit: Exiting.
[2018.11.20-13.45.12:996][719]Log file closed, 11/20/18 14:45:12
